{"C:\\Users\\anash\\Documents\\GitHub\\S.DTask3\\app.js": {"path":"C:\\Users\\anash\\Documents\\GitHub\\S.DTask3\\app.js","statementMap":{"0":{"start":{"line":1,"column":16},"end":{"line":1,"column":34}},"1":{"start":{"line":2,"column":19},"end":{"line":2,"column":41}},"2":{"start":{"line":3,"column":17},"end":{"line":3,"column":36}},"3":{"start":{"line":4,"column":0},"end":{"line":4,"column":27}},"4":{"start":{"line":6,"column":12},"end":{"line":6,"column":21}},"5":{"start":{"line":9,"column":0},"end":{"line":9,"column":27}},"6":{"start":{"line":12,"column":0},"end":{"line":19,"column":3}},"7":{"start":{"line":16,"column":4},"end":{"line":16,"column":46}},"8":{"start":{"line":18,"column":4},"end":{"line":18,"column":61}},"9":{"start":{"line":22,"column":0},"end":{"line":22,"column":36}},"10":{"start":{"line":25,"column":0},"end":{"line":27,"column":3}},"11":{"start":{"line":26,"column":4},"end":{"line":26,"column":53}},"12":{"start":{"line":30,"column":19},"end":{"line":30,"column":51}},"13":{"start":{"line":31,"column":22},"end":{"line":31,"column":57}},"14":{"start":{"line":32,"column":21},"end":{"line":32,"column":55}},"15":{"start":{"line":33,"column":23},"end":{"line":33,"column":59}},"16":{"start":{"line":34,"column":28},"end":{"line":34,"column":69}},"17":{"start":{"line":35,"column":22},"end":{"line":35,"column":57}},"18":{"start":{"line":37,"column":0},"end":{"line":37,"column":33}},"19":{"start":{"line":38,"column":0},"end":{"line":38,"column":39}},"20":{"start":{"line":39,"column":0},"end":{"line":39,"column":37}},"21":{"start":{"line":40,"column":0},"end":{"line":40,"column":41}},"22":{"start":{"line":41,"column":0},"end":{"line":41,"column":51}},"23":{"start":{"line":42,"column":0},"end":{"line":42,"column":39}},"24":{"start":{"line":45,"column":0},"end":{"line":48,"column":3}},"25":{"start":{"line":46,"column":4},"end":{"line":46,"column":29}},"26":{"start":{"line":47,"column":4},"end":{"line":47,"column":63}},"27":{"start":{"line":51,"column":13},"end":{"line":51,"column":37}},"28":{"start":{"line":52,"column":0},"end":{"line":54,"column":3}},"29":{"start":{"line":53,"column":4},"end":{"line":53,"column":65}},"30":{"start":{"line":56,"column":0},"end":{"line":56,"column":21}}},"fnMap":{"0":{"name":"(anonymous_0)","decl":{"start":{"line":15,"column":8},"end":{"line":15,"column":9}},"loc":{"start":{"line":15,"column":14},"end":{"line":17,"column":1}},"line":15},"1":{"name":"(anonymous_1)","decl":{"start":{"line":17,"column":9},"end":{"line":17,"column":10}},"loc":{"start":{"line":17,"column":16},"end":{"line":19,"column":1}},"line":17},"2":{"name":"(anonymous_2)","decl":{"start":{"line":25,"column":13},"end":{"line":25,"column":14}},"loc":{"start":{"line":25,"column":27},"end":{"line":27,"column":1}},"line":25},"3":{"name":"(anonymous_3)","decl":{"start":{"line":45,"column":8},"end":{"line":45,"column":9}},"loc":{"start":{"line":45,"column":33},"end":{"line":48,"column":1}},"line":45},"4":{"name":"(anonymous_4)","decl":{"start":{"line":52,"column":17},"end":{"line":52,"column":18}},"loc":{"start":{"line":52,"column":23},"end":{"line":54,"column":1}},"line":52}},"branchMap":{"0":{"loc":{"start":{"line":51,"column":13},"end":{"line":51,"column":37}},"type":"binary-expr","locations":[{"start":{"line":51,"column":13},"end":{"line":51,"column":29}},{"start":{"line":51,"column":33},"end":{"line":51,"column":37}}],"line":51}},"s":{"0":6,"1":6,"2":6,"3":6,"4":6,"5":6,"6":6,"7":0,"8":0,"9":6,"10":6,"11":0,"12":6,"13":6,"14":6,"15":6,"16":6,"17":6,"18":6,"19":6,"20":6,"21":6,"22":6,"23":6,"24":6,"25":0,"26":0,"27":6,"28":6,"29":1,"30":6},"f":{"0":0,"1":0,"2":0,"3":0,"4":1},"b":{"0":[6,0]},"_coverageSchema":"1a1c01bbd47fc00a2c39e90264f33305004495a9","hash":"8190322258af617f88bd8944e7f1711c37b298e8"}
,"C:\\Users\\anash\\Documents\\GitHub\\S.DTask3\\backend\\routes\\auth.js": {"path":"C:\\Users\\anash\\Documents\\GitHub\\S.DTask3\\backend\\routes\\auth.js","statementMap":{"0":{"start":{"line":1,"column":16},"end":{"line":1,"column":34}},"1":{"start":{"line":2,"column":15},"end":{"line":2,"column":31}},"2":{"start":{"line":3,"column":44},"end":{"line":3,"column":75}},"3":{"start":{"line":5,"column":12},"end":{"line":5,"column":14}},"4":{"start":{"line":8,"column":0},"end":{"line":38,"column":3}},"5":{"start":{"line":9,"column":32},"end":{"line":9,"column":40}},"6":{"start":{"line":12,"column":4},"end":{"line":14,"column":5}},"7":{"start":{"line":13,"column":8},"end":{"line":13,"column":73}},"8":{"start":{"line":15,"column":4},"end":{"line":17,"column":5}},"9":{"start":{"line":16,"column":8},"end":{"line":16,"column":91}},"10":{"start":{"line":20,"column":25},"end":{"line":20,"column":65}},"11":{"start":{"line":20,"column":44},"end":{"line":20,"column":64}},"12":{"start":{"line":21,"column":4},"end":{"line":23,"column":5}},"13":{"start":{"line":22,"column":8},"end":{"line":22,"column":72}},"14":{"start":{"line":26,"column":20},"end":{"line":26,"column":64}},"15":{"start":{"line":27,"column":4},"end":{"line":27,"column":24}},"16":{"start":{"line":30,"column":4},"end":{"line":37,"column":7}},"17":{"start":{"line":41,"column":0},"end":{"line":51,"column":3}},"18":{"start":{"line":42,"column":32},"end":{"line":42,"column":40}},"19":{"start":{"line":45,"column":17},"end":{"line":45,"column":87}},"20":{"start":{"line":45,"column":36},"end":{"line":45,"column":86}},"21":{"start":{"line":46,"column":4},"end":{"line":48,"column":5}},"22":{"start":{"line":47,"column":8},"end":{"line":47,"column":78}},"23":{"start":{"line":50,"column":4},"end":{"line":50,"column":87}},"24":{"start":{"line":53,"column":0},"end":{"line":53,"column":24}}},"fnMap":{"0":{"name":"(anonymous_0)","decl":{"start":{"line":8,"column":25},"end":{"line":8,"column":26}},"loc":{"start":{"line":8,"column":39},"end":{"line":38,"column":1}},"line":8},"1":{"name":"(anonymous_1)","decl":{"start":{"line":20,"column":36},"end":{"line":20,"column":37}},"loc":{"start":{"line":20,"column":44},"end":{"line":20,"column":64}},"line":20},"2":{"name":"(anonymous_2)","decl":{"start":{"line":41,"column":22},"end":{"line":41,"column":23}},"loc":{"start":{"line":41,"column":36},"end":{"line":51,"column":1}},"line":41},"3":{"name":"(anonymous_3)","decl":{"start":{"line":45,"column":28},"end":{"line":45,"column":29}},"loc":{"start":{"line":45,"column":36},"end":{"line":45,"column":86}},"line":45}},"branchMap":{"0":{"loc":{"start":{"line":12,"column":4},"end":{"line":14,"column":5}},"type":"if","locations":[{"start":{"line":12,"column":4},"end":{"line":14,"column":5}},{"start":{},"end":{}}],"line":12},"1":{"loc":{"start":{"line":15,"column":4},"end":{"line":17,"column":5}},"type":"if","locations":[{"start":{"line":15,"column":4},"end":{"line":17,"column":5}},{"start":{},"end":{}}],"line":15},"2":{"loc":{"start":{"line":21,"column":4},"end":{"line":23,"column":5}},"type":"if","locations":[{"start":{"line":21,"column":4},"end":{"line":23,"column":5}},{"start":{},"end":{}}],"line":21},"3":{"loc":{"start":{"line":45,"column":36},"end":{"line":45,"column":86}},"type":"binary-expr","locations":[{"start":{"line":45,"column":36},"end":{"line":45,"column":56}},{"start":{"line":45,"column":60},"end":{"line":45,"column":86}}],"line":45},"4":{"loc":{"start":{"line":46,"column":4},"end":{"line":48,"column":5}},"type":"if","locations":[{"start":{"line":46,"column":4},"end":{"line":48,"column":5}},{"start":{},"end":{}}],"line":46}},"s":{"0":6,"1":6,"2":6,"3":6,"4":6,"5":4,"6":4,"7":0,"8":4,"9":0,"10":4,"11":3,"12":4,"13":2,"14":2,"15":2,"16":2,"17":6,"18":2,"19":2,"20":4,"21":2,"22":1,"23":1,"24":6},"f":{"0":4,"1":3,"2":2,"3":4},"b":{"0":[0,4],"1":[0,4],"2":[2,2],"3":[4,1],"4":[1,1]},"_coverageSchema":"1a1c01bbd47fc00a2c39e90264f33305004495a9","hash":"8f68f49eb63474f0de1e2a18175de82c04a144e1"}
,"C:\\Users\\anash\\Documents\\GitHub\\S.DTask3\\backend\\routes\\events.js": {"path":"C:\\Users\\anash\\Documents\\GitHub\\S.DTask3\\backend\\routes\\events.js","statementMap":{"0":{"start":{"line":1,"column":16},"end":{"line":1,"column":34}},"1":{"start":{"line":2,"column":15},"end":{"line":2,"column":31}},"2":{"start":{"line":4,"column":13},"end":{"line":4,"column":15}},"3":{"start":{"line":7,"column":0},"end":{"line":28,"column":3}},"4":{"start":{"line":8,"column":95},"end":{"line":8,"column":103}},"5":{"start":{"line":10,"column":4},"end":{"line":12,"column":5}},"6":{"start":{"line":11,"column":8},"end":{"line":11,"column":87}},"7":{"start":{"line":14,"column":18},"end":{"line":23,"column":5}},"8":{"start":{"line":25,"column":4},"end":{"line":25,"column":23}},"9":{"start":{"line":27,"column":4},"end":{"line":27,"column":63}},"10":{"start":{"line":31,"column":0},"end":{"line":33,"column":3}},"11":{"start":{"line":32,"column":4},"end":{"line":32,"column":21}},"12":{"start":{"line":35,"column":0},"end":{"line":35,"column":24}}},"fnMap":{"0":{"name":"(anonymous_0)","decl":{"start":{"line":7,"column":17},"end":{"line":7,"column":18}},"loc":{"start":{"line":7,"column":31},"end":{"line":28,"column":1}},"line":7},"1":{"name":"(anonymous_1)","decl":{"start":{"line":31,"column":16},"end":{"line":31,"column":17}},"loc":{"start":{"line":31,"column":30},"end":{"line":33,"column":1}},"line":31}},"branchMap":{"0":{"loc":{"start":{"line":10,"column":4},"end":{"line":12,"column":5}},"type":"if","locations":[{"start":{"line":10,"column":4},"end":{"line":12,"column":5}},{"start":{},"end":{}}],"line":10},"1":{"loc":{"start":{"line":10,"column":8},"end":{"line":10,"column":102}},"type":"binary-expr","locations":[{"start":{"line":10,"column":8},"end":{"line":10,"column":18}},{"start":{"line":10,"column":22},"end":{"line":10,"column":39}},{"start":{"line":10,"column":43},"end":{"line":10,"column":57}},{"start":{"line":10,"column":61},"end":{"line":10,"column":76}},{"start":{"line":10,"column":80},"end":{"line":10,"column":88}},{"start":{"line":10,"column":92},"end":{"line":10,"column":102}}],"line":10}},"s":{"0":6,"1":6,"2":6,"3":6,"4":2,"5":2,"6":1,"7":1,"8":1,"9":1,"10":6,"11":1,"12":6},"f":{"0":2,"1":1},"b":{"0":[1,1],"1":[2,2,1,1,1,1]},"_coverageSchema":"1a1c01bbd47fc00a2c39e90264f33305004495a9","hash":"4795a847571ae3de25088164e6f741398b47e9c5"}
,"C:\\Users\\anash\\Documents\\GitHub\\S.DTask3\\backend\\routes\\history.js": {"path":"C:\\Users\\anash\\Documents\\GitHub\\S.DTask3\\backend\\routes\\history.js","statementMap":{"0":{"start":{"line":1,"column":16},"end":{"line":1,"column":34}},"1":{"start":{"line":2,"column":15},"end":{"line":2,"column":31}},"2":{"start":{"line":4,"column":14},"end":{"line":4,"column":16}},"3":{"start":{"line":7,"column":0},"end":{"line":9,"column":3}},"4":{"start":{"line":8,"column":4},"end":{"line":8,"column":22}},"5":{"start":{"line":12,"column":0},"end":{"line":22,"column":3}},"6":{"start":{"line":13,"column":45},"end":{"line":13,"column":53}},"7":{"start":{"line":16,"column":4},"end":{"line":18,"column":5}},"8":{"start":{"line":17,"column":8},"end":{"line":17,"column":76}},"9":{"start":{"line":20,"column":4},"end":{"line":20,"column":51}},"10":{"start":{"line":21,"column":4},"end":{"line":21,"column":70}},"11":{"start":{"line":24,"column":0},"end":{"line":24,"column":24}}},"fnMap":{"0":{"name":"(anonymous_0)","decl":{"start":{"line":7,"column":16},"end":{"line":7,"column":17}},"loc":{"start":{"line":7,"column":30},"end":{"line":9,"column":1}},"line":7},"1":{"name":"(anonymous_1)","decl":{"start":{"line":12,"column":17},"end":{"line":12,"column":18}},"loc":{"start":{"line":12,"column":31},"end":{"line":22,"column":1}},"line":12}},"branchMap":{"0":{"loc":{"start":{"line":16,"column":4},"end":{"line":18,"column":5}},"type":"if","locations":[{"start":{"line":16,"column":4},"end":{"line":18,"column":5}},{"start":{},"end":{}}],"line":16},"1":{"loc":{"start":{"line":16,"column":8},"end":{"line":16,"column":43}},"type":"binary-expr","locations":[{"start":{"line":16,"column":8},"end":{"line":16,"column":18}},{"start":{"line":16,"column":22},"end":{"line":16,"column":32}},{"start":{"line":16,"column":36},"end":{"line":16,"column":43}}],"line":16}},"s":{"0":6,"1":6,"2":6,"3":6,"4":1,"5":6,"6":2,"7":2,"8":1,"9":1,"10":1,"11":6},"f":{"0":1,"1":2},"b":{"0":[1,1],"1":[2,2,1]},"_coverageSchema":"1a1c01bbd47fc00a2c39e90264f33305004495a9","hash":"2441969976a9eb7f9a4d03f775008231c4ea52b9"}
,"C:\\Users\\anash\\Documents\\GitHub\\S.DTask3\\backend\\routes\\matching.js": {"path":"C:\\Users\\anash\\Documents\\GitHub\\S.DTask3\\backend\\routes\\matching.js","statementMap":{"0":{"start":{"line":1,"column":16},"end":{"line":1,"column":34}},"1":{"start":{"line":2,"column":15},"end":{"line":2,"column":31}},"2":{"start":{"line":4,"column":17},"end":{"line":4,"column":19}},"3":{"start":{"line":5,"column":13},"end":{"line":5,"column":15}},"4":{"start":{"line":8,"column":0},"end":{"line":10,"column":3}},"5":{"start":{"line":9,"column":4},"end":{"line":9,"column":21}},"6":{"start":{"line":13,"column":0},"end":{"line":15,"column":3}},"7":{"start":{"line":14,"column":4},"end":{"line":14,"column":25}},"8":{"start":{"line":17,"column":0},"end":{"line":17,"column":24}}},"fnMap":{"0":{"name":"(anonymous_0)","decl":{"start":{"line":8,"column":22},"end":{"line":8,"column":23}},"loc":{"start":{"line":8,"column":36},"end":{"line":10,"column":1}},"line":8},"1":{"name":"(anonymous_1)","decl":{"start":{"line":13,"column":26},"end":{"line":13,"column":27}},"loc":{"start":{"line":13,"column":40},"end":{"line":15,"column":1}},"line":13}},"branchMap":{},"s":{"0":6,"1":6,"2":6,"3":6,"4":6,"5":0,"6":6,"7":0,"8":6},"f":{"0":0,"1":0},"b":{},"_coverageSchema":"1a1c01bbd47fc00a2c39e90264f33305004495a9","hash":"52579702c7e97300d6731480d5488fab956fe7a1"}
,"C:\\Users\\anash\\Documents\\GitHub\\S.DTask3\\backend\\routes\\notifications.js": {"path":"C:\\Users\\anash\\Documents\\GitHub\\S.DTask3\\backend\\routes\\notifications.js","statementMap":{"0":{"start":{"line":1,"column":16},"end":{"line":1,"column":34}},"1":{"start":{"line":2,"column":15},"end":{"line":2,"column":31}},"2":{"start":{"line":4,"column":20},"end":{"line":4,"column":22}},"3":{"start":{"line":7,"column":0},"end":{"line":9,"column":3}},"4":{"start":{"line":8,"column":4},"end":{"line":8,"column":28}},"5":{"start":{"line":12,"column":0},"end":{"line":22,"column":3}},"6":{"start":{"line":13,"column":24},"end":{"line":13,"column":32}},"7":{"start":{"line":16,"column":4},"end":{"line":18,"column":5}},"8":{"start":{"line":17,"column":8},"end":{"line":17,"column":72}},"9":{"start":{"line":20,"column":4},"end":{"line":20,"column":66}},"10":{"start":{"line":21,"column":4},"end":{"line":21,"column":73}},"11":{"start":{"line":24,"column":0},"end":{"line":24,"column":24}}},"fnMap":{"0":{"name":"(anonymous_0)","decl":{"start":{"line":7,"column":16},"end":{"line":7,"column":17}},"loc":{"start":{"line":7,"column":30},"end":{"line":9,"column":1}},"line":7},"1":{"name":"(anonymous_1)","decl":{"start":{"line":12,"column":17},"end":{"line":12,"column":18}},"loc":{"start":{"line":12,"column":31},"end":{"line":22,"column":1}},"line":12}},"branchMap":{"0":{"loc":{"start":{"line":16,"column":4},"end":{"line":18,"column":5}},"type":"if","locations":[{"start":{"line":16,"column":4},"end":{"line":18,"column":5}},{"start":{},"end":{}}],"line":16}},"s":{"0":6,"1":6,"2":6,"3":6,"4":1,"5":6,"6":2,"7":2,"8":1,"9":1,"10":1,"11":6},"f":{"0":1,"1":2},"b":{"0":[1,1]},"_coverageSchema":"1a1c01bbd47fc00a2c39e90264f33305004495a9","hash":"0617173c15c72c4b91cd44ef4dfa86a5f9ff8d98"}
,"C:\\Users\\anash\\Documents\\GitHub\\S.DTask3\\backend\\routes\\profile.js": {"path":"C:\\Users\\anash\\Documents\\GitHub\\S.DTask3\\backend\\routes\\profile.js","statementMap":{"0":{"start":{"line":1,"column":16},"end":{"line":1,"column":34}},"1":{"start":{"line":2,"column":15},"end":{"line":2,"column":31}},"2":{"start":{"line":4,"column":15},"end":{"line":4,"column":17}},"3":{"start":{"line":7,"column":0},"end":{"line":18,"column":3}},"4":{"start":{"line":8,"column":102},"end":{"line":8,"column":110}},"5":{"start":{"line":10,"column":4},"end":{"line":12,"column":5}},"6":{"start":{"line":11,"column":8},"end":{"line":11,"column":90}},"7":{"start":{"line":15,"column":4},"end":{"line":15,"column":124}},"8":{"start":{"line":17,"column":4},"end":{"line":17,"column":71}},"9":{"start":{"line":20,"column":0},"end":{"line":20,"column":24}}},"fnMap":{"0":{"name":"(anonymous_0)","decl":{"start":{"line":7,"column":17},"end":{"line":7,"column":18}},"loc":{"start":{"line":7,"column":31},"end":{"line":18,"column":1}},"line":7}},"branchMap":{"0":{"loc":{"start":{"line":10,"column":4},"end":{"line":12,"column":5}},"type":"if","locations":[{"start":{"line":10,"column":4},"end":{"line":12,"column":5}},{"start":{},"end":{}}],"line":10},"1":{"loc":{"start":{"line":10,"column":8},"end":{"line":10,"column":89}},"type":"binary-expr","locations":[{"start":{"line":10,"column":8},"end":{"line":10,"column":17}},{"start":{"line":10,"column":21},"end":{"line":10,"column":30}},{"start":{"line":10,"column":34},"end":{"line":10,"column":39}},{"start":{"line":10,"column":43},"end":{"line":10,"column":49}},{"start":{"line":10,"column":53},"end":{"line":10,"column":61}},{"start":{"line":10,"column":65},"end":{"line":10,"column":72}},{"start":{"line":10,"column":76},"end":{"line":10,"column":89}}],"line":10}},"s":{"0":6,"1":6,"2":6,"3":6,"4":2,"5":2,"6":1,"7":1,"8":1,"9":6},"f":{"0":2},"b":{"0":[1,1],"1":[2,2,1,1,1,1,1]},"_coverageSchema":"1a1c01bbd47fc00a2c39e90264f33305004495a9","hash":"cdfdea1ec1ae02c81e8cefa88aa5d28adec2709b"}
,"C:\\Users\\anash\\Documents\\GitHub\\S.DTask3\\backend\\utils\\validations.js": {"path":"C:\\Users\\anash\\Documents\\GitHub\\S.DTask3\\backend\\utils\\validations.js","statementMap":{"0":{"start":{"line":2,"column":23},"end":{"line":2,"column":51}},"1":{"start":{"line":3,"column":4},"end":{"line":3,"column":34}},"2":{"start":{"line":7,"column":4},"end":{"line":7,"column":44}},"3":{"start":{"line":10,"column":0},"end":{"line":10,"column":53}}},"fnMap":{"0":{"name":"validateEmail","decl":{"start":{"line":1,"column":9},"end":{"line":1,"column":22}},"loc":{"start":{"line":1,"column":30},"end":{"line":4,"column":1}},"line":1},"1":{"name":"validatePassword","decl":{"start":{"line":6,"column":9},"end":{"line":6,"column":25}},"loc":{"start":{"line":6,"column":36},"end":{"line":8,"column":1}},"line":6}},"branchMap":{"0":{"loc":{"start":{"line":7,"column":11},"end":{"line":7,"column":43}},"type":"binary-expr","locations":[{"start":{"line":7,"column":11},"end":{"line":7,"column":19}},{"start":{"line":7,"column":23},"end":{"line":7,"column":43}}],"line":7}},"s":{"0":4,"1":4,"2":4,"3":6},"f":{"0":4,"1":4},"b":{"0":[4,4]},"_coverageSchema":"1a1c01bbd47fc00a2c39e90264f33305004495a9","hash":"0a14bb8fa1f06984a7e77815f0292b97f19f37ef"}
}
