{"/Users/akshnoorsingh/Documents/GitHub/tester/app.js": {"path":"/Users/akshnoorsingh/Documents/GitHub/tester/app.js","statementMap":{"0":{"start":{"line":1,"column":16},"end":{"line":1,"column":34}},"1":{"start":{"line":2,"column":19},"end":{"line":2,"column":41}},"2":{"start":{"line":3,"column":17},"end":{"line":3,"column":36}},"3":{"start":{"line":4,"column":0},"end":{"line":4,"column":27}},"4":{"start":{"line":6,"column":12},"end":{"line":6,"column":21}},"5":{"start":{"line":9,"column":0},"end":{"line":9,"column":28}},"6":{"start":{"line":12,"column":0},"end":{"line":12,"column":27}},"7":{"start":{"line":15,"column":0},"end":{"line":31,"column":3}},"8":{"start":{"line":23,"column":4},"end":{"line":23,"column":46}},"9":{"start":{"line":25,"column":4},"end":{"line":25,"column":47}},"10":{"start":{"line":26,"column":4},"end":{"line":26,"column":60}},"11":{"start":{"line":27,"column":4},"end":{"line":27,"column":51}},"12":{"start":{"line":28,"column":4},"end":{"line":28,"column":68}},"13":{"start":{"line":30,"column":4},"end":{"line":30,"column":61}},"14":{"start":{"line":34,"column":0},"end":{"line":36,"column":3}},"15":{"start":{"line":35,"column":4},"end":{"line":35,"column":52}},"16":{"start":{"line":38,"column":0},"end":{"line":40,"column":3}},"17":{"start":{"line":39,"column":4},"end":{"line":39,"column":40}},"18":{"start":{"line":42,"column":0},"end":{"line":44,"column":3}},"19":{"start":{"line":43,"column":4},"end":{"line":43,"column":39}},"20":{"start":{"line":46,"column":0},"end":{"line":48,"column":3}},"21":{"start":{"line":47,"column":4},"end":{"line":47,"column":37}},"22":{"start":{"line":51,"column":0},"end":{"line":54,"column":3}},"23":{"start":{"line":57,"column":0},"end":{"line":60,"column":3}},"24":{"start":{"line":58,"column":4},"end":{"line":58,"column":74}},"25":{"start":{"line":59,"column":4},"end":{"line":59,"column":11}},"26":{"start":{"line":63,"column":0},"end":{"line":63,"column":36}},"27":{"start":{"line":66,"column":0},"end":{"line":68,"column":3}},"28":{"start":{"line":67,"column":4},"end":{"line":67,"column":53}},"29":{"start":{"line":71,"column":19},"end":{"line":71,"column":51}},"30":{"start":{"line":72,"column":22},"end":{"line":72,"column":57}},"31":{"start":{"line":73,"column":21},"end":{"line":73,"column":55}},"32":{"start":{"line":74,"column":23},"end":{"line":74,"column":59}},"33":{"start":{"line":75,"column":28},"end":{"line":75,"column":69}},"34":{"start":{"line":76,"column":22},"end":{"line":76,"column":57}},"35":{"start":{"line":77,"column":21},"end":{"line":77,"column":61}},"36":{"start":{"line":80,"column":0},"end":{"line":80,"column":33}},"37":{"start":{"line":81,"column":0},"end":{"line":81,"column":39}},"38":{"start":{"line":82,"column":0},"end":{"line":82,"column":37}},"39":{"start":{"line":83,"column":0},"end":{"line":83,"column":41}},"40":{"start":{"line":84,"column":0},"end":{"line":84,"column":51}},"41":{"start":{"line":85,"column":0},"end":{"line":85,"column":39}},"42":{"start":{"line":86,"column":0},"end":{"line":86,"column":38}},"43":{"start":{"line":89,"column":0},"end":{"line":103,"column":3}},"44":{"start":{"line":90,"column":4},"end":{"line":102,"column":5}},"45":{"start":{"line":91,"column":28},"end":{"line":91,"column":84}},"46":{"start":{"line":92,"column":8},"end":{"line":96,"column":11}},"47":{"start":{"line":94,"column":46},"end":{"line":94,"column":52}},"48":{"start":{"line":98,"column":8},"end":{"line":101,"column":11}},"49":{"start":{"line":106,"column":0},"end":{"line":111,"column":3}},"50":{"start":{"line":107,"column":4},"end":{"line":110,"column":7}},"51":{"start":{"line":114,"column":0},"end":{"line":137,"column":3}},"52":{"start":{"line":115,"column":4},"end":{"line":115,"column":41}},"53":{"start":{"line":118,"column":4},"end":{"line":123,"column":5}},"54":{"start":{"line":119,"column":8},"end":{"line":122,"column":11}},"55":{"start":{"line":121,"column":55},"end":{"line":121,"column":64}},"56":{"start":{"line":126,"column":4},"end":{"line":131,"column":5}},"57":{"start":{"line":127,"column":8},"end":{"line":130,"column":11}},"58":{"start":{"line":133,"column":4},"end":{"line":136,"column":7}},"59":{"start":{"line":140,"column":13},"end":{"line":140,"column":37}},"60":{"start":{"line":141,"column":15},"end":{"line":145,"column":2}},"61":{"start":{"line":142,"column":4},"end":{"line":142,"column":65}},"62":{"start":{"line":143,"column":4},"end":{"line":143,"column":54}},"63":{"start":{"line":144,"column":4},"end":{"line":144,"column":97}},"64":{"start":{"line":148,"column":0},"end":{"line":156,"column":3}},"65":{"start":{"line":149,"column":4},"end":{"line":149,"column":65}},"66":{"start":{"line":150,"column":4},"end":{"line":155,"column":7}},"67":{"start":{"line":151,"column":8},"end":{"line":154,"column":11}},"68":{"start":{"line":152,"column":12},"end":{"line":152,"column":54}},"69":{"start":{"line":153,"column":12},"end":{"line":153,"column":28}},"70":{"start":{"line":158,"column":0},"end":{"line":158,"column":21}}},"fnMap":{"0":{"name":"(anonymous_0)","decl":{"start":{"line":22,"column":8},"end":{"line":22,"column":9}},"loc":{"start":{"line":22,"column":14},"end":{"line":29,"column":1}},"line":22},"1":{"name":"(anonymous_1)","decl":{"start":{"line":29,"column":9},"end":{"line":29,"column":10}},"loc":{"start":{"line":29,"column":16},"end":{"line":31,"column":1}},"line":29},"2":{"name":"(anonymous_2)","decl":{"start":{"line":34,"column":32},"end":{"line":34,"column":33}},"loc":{"start":{"line":34,"column":39},"end":{"line":36,"column":1}},"line":34},"3":{"name":"(anonymous_3)","decl":{"start":{"line":38,"column":39},"end":{"line":38,"column":40}},"loc":{"start":{"line":38,"column":45},"end":{"line":40,"column":1}},"line":38},"4":{"name":"(anonymous_4)","decl":{"start":{"line":42,"column":38},"end":{"line":42,"column":39}},"loc":{"start":{"line":42,"column":44},"end":{"line":44,"column":1}},"line":42},"5":{"name":"(anonymous_5)","decl":{"start":{"line":46,"column":36},"end":{"line":46,"column":37}},"loc":{"start":{"line":46,"column":42},"end":{"line":48,"column":1}},"line":46},"6":{"name":"(anonymous_6)","decl":{"start":{"line":57,"column":8},"end":{"line":57,"column":9}},"loc":{"start":{"line":57,"column":28},"end":{"line":60,"column":1}},"line":57},"7":{"name":"(anonymous_7)","decl":{"start":{"line":66,"column":13},"end":{"line":66,"column":14}},"loc":{"start":{"line":66,"column":27},"end":{"line":68,"column":1}},"line":66},"8":{"name":"(anonymous_8)","decl":{"start":{"line":89,"column":24},"end":{"line":89,"column":25}},"loc":{"start":{"line":89,"column":44},"end":{"line":103,"column":1}},"line":89},"9":{"name":"(anonymous_9)","decl":{"start":{"line":94,"column":41},"end":{"line":94,"column":42}},"loc":{"start":{"line":94,"column":46},"end":{"line":94,"column":52}},"line":94},"10":{"name":"(anonymous_10)","decl":{"start":{"line":106,"column":8},"end":{"line":106,"column":9}},"loc":{"start":{"line":106,"column":28},"end":{"line":111,"column":1}},"line":106},"11":{"name":"(anonymous_11)","decl":{"start":{"line":114,"column":8},"end":{"line":114,"column":9}},"loc":{"start":{"line":114,"column":33},"end":{"line":137,"column":1}},"line":114},"12":{"name":"(anonymous_12)","decl":{"start":{"line":121,"column":50},"end":{"line":121,"column":51}},"loc":{"start":{"line":121,"column":55},"end":{"line":121,"column":64}},"line":121},"13":{"name":"(anonymous_13)","decl":{"start":{"line":141,"column":32},"end":{"line":141,"column":33}},"loc":{"start":{"line":141,"column":38},"end":{"line":145,"column":1}},"line":141},"14":{"name":"(anonymous_14)","decl":{"start":{"line":148,"column":22},"end":{"line":148,"column":23}},"loc":{"start":{"line":148,"column":28},"end":{"line":156,"column":1}},"line":148},"15":{"name":"(anonymous_15)","decl":{"start":{"line":150,"column":17},"end":{"line":150,"column":18}},"loc":{"start":{"line":150,"column":23},"end":{"line":155,"column":5}},"line":150},"16":{"name":"(anonymous_16)","decl":{"start":{"line":151,"column":41},"end":{"line":151,"column":42}},"loc":{"start":{"line":151,"column":47},"end":{"line":154,"column":9}},"line":151}},"branchMap":{"0":{"loc":{"start":{"line":118,"column":4},"end":{"line":123,"column":5}},"type":"if","locations":[{"start":{"line":118,"column":4},"end":{"line":123,"column":5}},{"start":{},"end":{}}],"line":118},"1":{"loc":{"start":{"line":126,"column":4},"end":{"line":131,"column":5}},"type":"if","locations":[{"start":{"line":126,"column":4},"end":{"line":131,"column":5}},{"start":{},"end":{}}],"line":126},"2":{"loc":{"start":{"line":135,"column":15},"end":{"line":135,"column":79}},"type":"cond-expr","locations":[{"start":{"line":135,"column":56},"end":{"line":135,"column":67}},{"start":{"line":135,"column":70},"end":{"line":135,"column":79}}],"line":135},"3":{"loc":{"start":{"line":140,"column":13},"end":{"line":140,"column":37}},"type":"binary-expr","locations":[{"start":{"line":140,"column":13},"end":{"line":140,"column":29}},{"start":{"line":140,"column":33},"end":{"line":140,"column":37}}],"line":140}},"s":{"0":6,"1":6,"2":6,"3":6,"4":6,"5":6,"6":6,"7":6,"8":3,"9":3,"10":3,"11":3,"12":3,"13":0,"14":6,"15":0,"16":6,"17":0,"18":6,"19":0,"20":6,"21":3,"22":6,"23":6,"24":22,"25":22,"26":6,"27":6,"28":0,"29":6,"30":6,"31":6,"32":6,"33":6,"34":6,"35":6,"36":6,"37":6,"38":6,"39":6,"40":6,"41":6,"42":6,"43":6,"44":0,"45":0,"46":0,"47":0,"48":0,"49":6,"50":2,"51":6,"52":0,"53":0,"54":0,"55":0,"56":0,"57":0,"58":0,"59":6,"60":6,"61":1,"62":1,"63":1,"64":6,"65":0,"66":0,"67":0,"68":0,"69":0,"70":6},"f":{"0":3,"1":0,"2":0,"3":0,"4":0,"5":3,"6":22,"7":0,"8":0,"9":0,"10":2,"11":0,"12":0,"13":1,"14":0,"15":0,"16":0},"b":{"0":[0,0],"1":[0,0],"2":[0,0],"3":[6,0]},"_coverageSchema":"1a1c01bbd47fc00a2c39e90264f33305004495a9","hash":"19002c7f14a86488930365f23d3b0cf81786d44f"}
,"/Users/akshnoorsingh/Documents/GitHub/tester/backend/models/Match.js": {"path":"/Users/akshnoorsingh/Documents/GitHub/tester/backend/models/Match.js","statementMap":{"0":{"start":{"line":2,"column":17},"end":{"line":2,"column":36}},"1":{"start":{"line":4,"column":20},"end":{"line":24,"column":2}},"2":{"start":{"line":26,"column":0},"end":{"line":26,"column":54}}},"fnMap":{},"branchMap":{},"s":{"0":6,"1":6,"2":6},"f":{},"b":{},"_coverageSchema":"1a1c01bbd47fc00a2c39e90264f33305004495a9","hash":"bef08f4802c460992b4fbdbf5df3637527764620"}
,"/Users/akshnoorsingh/Documents/GitHub/tester/backend/models/UserCredentials.js": {"path":"/Users/akshnoorsingh/Documents/GitHub/tester/backend/models/UserCredentials.js","statementMap":{"0":{"start":{"line":2,"column":17},"end":{"line":2,"column":36}},"1":{"start":{"line":4,"column":30},"end":{"line":22,"column":2}},"2":{"start":{"line":24,"column":0},"end":{"line":24,"column":74}}},"fnMap":{},"branchMap":{},"s":{"0":6,"1":6,"2":6},"f":{},"b":{},"_coverageSchema":"1a1c01bbd47fc00a2c39e90264f33305004495a9","hash":"3f819bc6bf53f61bab1df1c98384742a7f2f11ca"}
,"/Users/akshnoorsingh/Documents/GitHub/tester/backend/models/UserProfile.js": {"path":"/Users/akshnoorsingh/Documents/GitHub/tester/backend/models/UserProfile.js","statementMap":{"0":{"start":{"line":3,"column":17},"end":{"line":3,"column":36}},"1":{"start":{"line":5,"column":26},"end":{"line":53,"column":2}},"2":{"start":{"line":56,"column":0},"end":{"line":59,"column":3}},"3":{"start":{"line":57,"column":4},"end":{"line":57,"column":34}},"4":{"start":{"line":58,"column":4},"end":{"line":58,"column":11}},"5":{"start":{"line":61,"column":0},"end":{"line":61,"column":66}}},"fnMap":{"0":{"name":"(anonymous_0)","decl":{"start":{"line":56,"column":30},"end":{"line":56,"column":31}},"loc":{"start":{"line":56,"column":45},"end":{"line":59,"column":1}},"line":56}},"branchMap":{},"s":{"0":6,"1":6,"2":6,"3":0,"4":0,"5":6},"f":{"0":0},"b":{},"_coverageSchema":"1a1c01bbd47fc00a2c39e90264f33305004495a9","hash":"d1cbedb3842b9c78d84c1e8cad0d1fdbc63553c3"}
,"/Users/akshnoorsingh/Documents/GitHub/tester/backend/models/VolunteerHistory.js": {"path":"/Users/akshnoorsingh/Documents/GitHub/tester/backend/models/VolunteerHistory.js","statementMap":{"0":{"start":{"line":3,"column":17},"end":{"line":3,"column":36}},"1":{"start":{"line":5,"column":31},"end":{"line":28,"column":2}},"2":{"start":{"line":30,"column":0},"end":{"line":30,"column":76}}},"fnMap":{},"branchMap":{},"s":{"0":6,"1":6,"2":6},"f":{},"b":{},"_coverageSchema":"1a1c01bbd47fc00a2c39e90264f33305004495a9","hash":"3867bbfea31a4ef96b9d38cdc011cbe9c44a2c09"}
,"/Users/akshnoorsingh/Documents/GitHub/tester/backend/models/event.js": {"path":"/Users/akshnoorsingh/Documents/GitHub/tester/backend/models/event.js","statementMap":{"0":{"start":{"line":1,"column":17},"end":{"line":1,"column":36}},"1":{"start":{"line":3,"column":20},"end":{"line":43,"column":2}},"2":{"start":{"line":45,"column":0},"end":{"line":45,"column":54}}},"fnMap":{},"branchMap":{},"s":{"0":6,"1":6,"2":6},"f":{},"b":{},"_coverageSchema":"1a1c01bbd47fc00a2c39e90264f33305004495a9","hash":"3a26ed91e3e8b7e7934c4a33db584c5c42563323"}
,"/Users/akshnoorsingh/Documents/GitHub/tester/backend/models/index.js": {"path":"/Users/akshnoorsingh/Documents/GitHub/tester/backend/models/index.js","statementMap":{"0":{"start":{"line":2,"column":14},"end":{"line":2,"column":32}},"1":{"start":{"line":3,"column":20},"end":{"line":3,"column":44}},"2":{"start":{"line":4,"column":24},"end":{"line":4,"column":52}},"3":{"start":{"line":5,"column":18},"end":{"line":5,"column":40}},"4":{"start":{"line":6,"column":14},"end":{"line":6,"column":32}},"5":{"start":{"line":7,"column":25},"end":{"line":7,"column":54}},"6":{"start":{"line":9,"column":0},"end":{"line":16,"column":2}}},"fnMap":{},"branchMap":{},"s":{"0":6,"1":6,"2":6,"3":6,"4":6,"5":6,"6":6},"f":{},"b":{},"_coverageSchema":"1a1c01bbd47fc00a2c39e90264f33305004495a9","hash":"943c34aa9ab9fc355e616a71c7705aef45dc7437"}
,"/Users/akshnoorsingh/Documents/GitHub/tester/backend/models/volunteer.js": {"path":"/Users/akshnoorsingh/Documents/GitHub/tester/backend/models/volunteer.js","statementMap":{"0":{"start":{"line":1,"column":17},"end":{"line":1,"column":36}},"1":{"start":{"line":3,"column":24},"end":{"line":30,"column":2}},"2":{"start":{"line":32,"column":0},"end":{"line":32,"column":62}}},"fnMap":{},"branchMap":{},"s":{"0":6,"1":6,"2":6},"f":{},"b":{},"_coverageSchema":"1a1c01bbd47fc00a2c39e90264f33305004495a9","hash":"04de764149a0cb35b059923f997a8334a814b2ec"}
,"/Users/akshnoorsingh/Documents/GitHub/tester/backend/routes/auth.js": {"path":"/Users/akshnoorsingh/Documents/GitHub/tester/backend/routes/auth.js","statementMap":{"0":{"start":{"line":1,"column":16},"end":{"line":1,"column":34}},"1":{"start":{"line":2,"column":15},"end":{"line":2,"column":31}},"2":{"start":{"line":3,"column":44},"end":{"line":3,"column":75}},"3":{"start":{"line":4,"column":24},"end":{"line":4,"column":60}},"4":{"start":{"line":7,"column":0},"end":{"line":47,"column":3}},"5":{"start":{"line":8,"column":4},"end":{"line":46,"column":5}},"6":{"start":{"line":9,"column":36},"end":{"line":9,"column":44}},"7":{"start":{"line":12,"column":8},"end":{"line":14,"column":9}},"8":{"start":{"line":13,"column":12},"end":{"line":13,"column":77}},"9":{"start":{"line":15,"column":8},"end":{"line":17,"column":9}},"10":{"start":{"line":16,"column":12},"end":{"line":16,"column":95}},"11":{"start":{"line":20,"column":29},"end":{"line":20,"column":69}},"12":{"start":{"line":21,"column":8},"end":{"line":23,"column":9}},"13":{"start":{"line":22,"column":12},"end":{"line":22,"column":76}},"14":{"start":{"line":26,"column":21},"end":{"line":30,"column":10}},"15":{"start":{"line":32,"column":8},"end":{"line":32,"column":26}},"16":{"start":{"line":35,"column":8},"end":{"line":42,"column":11}},"17":{"start":{"line":44,"column":8},"end":{"line":44,"column":52}},"18":{"start":{"line":45,"column":8},"end":{"line":45,"column":71}},"19":{"start":{"line":50,"column":0},"end":{"line":68,"column":3}},"20":{"start":{"line":51,"column":4},"end":{"line":67,"column":5}},"21":{"start":{"line":52,"column":36},"end":{"line":52,"column":44}},"22":{"start":{"line":55,"column":21},"end":{"line":55,"column":71}},"23":{"start":{"line":56,"column":8},"end":{"line":58,"column":9}},"24":{"start":{"line":57,"column":12},"end":{"line":57,"column":82}},"25":{"start":{"line":60,"column":8},"end":{"line":63,"column":11}},"26":{"start":{"line":65,"column":8},"end":{"line":65,"column":45}},"27":{"start":{"line":66,"column":8},"end":{"line":66,"column":64}},"28":{"start":{"line":70,"column":0},"end":{"line":70,"column":24}}},"fnMap":{"0":{"name":"(anonymous_0)","decl":{"start":{"line":7,"column":25},"end":{"line":7,"column":26}},"loc":{"start":{"line":7,"column":45},"end":{"line":47,"column":1}},"line":7},"1":{"name":"(anonymous_1)","decl":{"start":{"line":50,"column":22},"end":{"line":50,"column":23}},"loc":{"start":{"line":50,"column":42},"end":{"line":68,"column":1}},"line":50}},"branchMap":{"0":{"loc":{"start":{"line":12,"column":8},"end":{"line":14,"column":9}},"type":"if","locations":[{"start":{"line":12,"column":8},"end":{"line":14,"column":9}},{"start":{},"end":{}}],"line":12},"1":{"loc":{"start":{"line":15,"column":8},"end":{"line":17,"column":9}},"type":"if","locations":[{"start":{"line":15,"column":8},"end":{"line":17,"column":9}},{"start":{},"end":{}}],"line":15},"2":{"loc":{"start":{"line":21,"column":8},"end":{"line":23,"column":9}},"type":"if","locations":[{"start":{"line":21,"column":8},"end":{"line":23,"column":9}},{"start":{},"end":{}}],"line":21},"3":{"loc":{"start":{"line":56,"column":8},"end":{"line":58,"column":9}},"type":"if","locations":[{"start":{"line":56,"column":8},"end":{"line":58,"column":9}},{"start":{},"end":{}}],"line":56}},"s":{"0":6,"1":6,"2":6,"3":6,"4":6,"5":6,"6":6,"7":6,"8":1,"9":5,"10":1,"11":4,"12":4,"13":4,"14":0,"15":0,"16":0,"17":0,"18":0,"19":6,"20":3,"21":3,"22":3,"23":3,"24":2,"25":1,"26":0,"27":0,"28":6},"f":{"0":6,"1":3},"b":{"0":[1,5],"1":[1,4],"2":[4,0],"3":[2,1]},"_coverageSchema":"1a1c01bbd47fc00a2c39e90264f33305004495a9","hash":"28136c325a494165ae619c780c22f2ff32dd90bf"}
,"/Users/akshnoorsingh/Documents/GitHub/tester/backend/routes/events.js": {"path":"/Users/akshnoorsingh/Documents/GitHub/tester/backend/routes/events.js","statementMap":{"0":{"start":{"line":1,"column":16},"end":{"line":1,"column":34}},"1":{"start":{"line":2,"column":15},"end":{"line":2,"column":31}},"2":{"start":{"line":3,"column":18},"end":{"line":3,"column":38}},"3":{"start":{"line":6,"column":0},"end":{"line":52,"column":3}},"4":{"start":{"line":7,"column":4},"end":{"line":51,"column":5}},"5":{"start":{"line":16,"column":12},"end":{"line":16,"column":20}},"6":{"start":{"line":19,"column":8},"end":{"line":21,"column":9}},"7":{"start":{"line":20,"column":12},"end":{"line":20,"column":91}},"8":{"start":{"line":24,"column":22},"end":{"line":33,"column":10}},"9":{"start":{"line":36,"column":8},"end":{"line":36,"column":27}},"10":{"start":{"line":39,"column":8},"end":{"line":39,"column":45}},"11":{"start":{"line":41,"column":8},"end":{"line":44,"column":11}},"12":{"start":{"line":46,"column":8},"end":{"line":46,"column":54}},"13":{"start":{"line":47,"column":8},"end":{"line":50,"column":11}},"14":{"start":{"line":55,"column":0},"end":{"line":63,"column":3}},"15":{"start":{"line":56,"column":4},"end":{"line":62,"column":5}},"16":{"start":{"line":57,"column":23},"end":{"line":57,"column":43}},"17":{"start":{"line":58,"column":8},"end":{"line":58,"column":25}},"18":{"start":{"line":60,"column":8},"end":{"line":60,"column":55}},"19":{"start":{"line":61,"column":8},"end":{"line":61,"column":67}},"20":{"start":{"line":65,"column":0},"end":{"line":65,"column":24}}},"fnMap":{"0":{"name":"(anonymous_0)","decl":{"start":{"line":6,"column":17},"end":{"line":6,"column":18}},"loc":{"start":{"line":6,"column":37},"end":{"line":52,"column":1}},"line":6},"1":{"name":"(anonymous_1)","decl":{"start":{"line":55,"column":16},"end":{"line":55,"column":17}},"loc":{"start":{"line":55,"column":36},"end":{"line":63,"column":1}},"line":55}},"branchMap":{"0":{"loc":{"start":{"line":19,"column":8},"end":{"line":21,"column":9}},"type":"if","locations":[{"start":{"line":19,"column":8},"end":{"line":21,"column":9}},{"start":{},"end":{}}],"line":19},"1":{"loc":{"start":{"line":19,"column":12},"end":{"line":19,"column":106}},"type":"binary-expr","locations":[{"start":{"line":19,"column":12},"end":{"line":19,"column":22}},{"start":{"line":19,"column":26},"end":{"line":19,"column":43}},{"start":{"line":19,"column":47},"end":{"line":19,"column":61}},{"start":{"line":19,"column":65},"end":{"line":19,"column":80}},{"start":{"line":19,"column":84},"end":{"line":19,"column":92}},{"start":{"line":19,"column":96},"end":{"line":19,"column":106}}],"line":19}},"s":{"0":6,"1":6,"2":6,"3":6,"4":2,"5":2,"6":2,"7":1,"8":1,"9":1,"10":0,"11":0,"12":1,"13":1,"14":6,"15":1,"16":1,"17":1,"18":0,"19":0,"20":6},"f":{"0":2,"1":1},"b":{"0":[1,1],"1":[2,2,1,1,1,1]},"_coverageSchema":"1a1c01bbd47fc00a2c39e90264f33305004495a9","hash":"1da40515b366d0b6bb3fc0f06d28701db8ab05d9"}
,"/Users/akshnoorsingh/Documents/GitHub/tester/backend/routes/history.js": {"path":"/Users/akshnoorsingh/Documents/GitHub/tester/backend/routes/history.js","statementMap":{"0":{"start":{"line":1,"column":16},"end":{"line":1,"column":34}},"1":{"start":{"line":2,"column":15},"end":{"line":2,"column":31}},"2":{"start":{"line":5,"column":14},"end":{"line":5,"column":16}},"3":{"start":{"line":8,"column":0},"end":{"line":22,"column":3}},"4":{"start":{"line":9,"column":4},"end":{"line":21,"column":5}},"5":{"start":{"line":10,"column":26},"end":{"line":10,"column":48}},"6":{"start":{"line":12,"column":8},"end":{"line":14,"column":9}},"7":{"start":{"line":13,"column":12},"end":{"line":13,"column":76}},"8":{"start":{"line":17,"column":28},"end":{"line":17,"column":89}},"9":{"start":{"line":17,"column":53},"end":{"line":17,"column":88}},"10":{"start":{"line":18,"column":8},"end":{"line":18,"column":30}},"11":{"start":{"line":20,"column":8},"end":{"line":20,"column":90}},"12":{"start":{"line":25,"column":0},"end":{"line":53,"column":3}},"13":{"start":{"line":26,"column":4},"end":{"line":52,"column":5}},"14":{"start":{"line":27,"column":65},"end":{"line":27,"column":73}},"15":{"start":{"line":30,"column":8},"end":{"line":32,"column":9}},"16":{"start":{"line":31,"column":12},"end":{"line":31,"column":80}},"17":{"start":{"line":35,"column":26},"end":{"line":43,"column":9}},"18":{"start":{"line":45,"column":8},"end":{"line":45,"column":32}},"19":{"start":{"line":46,"column":8},"end":{"line":49,"column":11}},"20":{"start":{"line":51,"column":8},"end":{"line":51,"column":95}},"21":{"start":{"line":56,"column":0},"end":{"line":79,"column":3}},"22":{"start":{"line":57,"column":4},"end":{"line":78,"column":5}},"23":{"start":{"line":58,"column":23},"end":{"line":58,"column":33}},"24":{"start":{"line":59,"column":27},"end":{"line":59,"column":35}},"25":{"start":{"line":61,"column":28},"end":{"line":61,"column":73}},"26":{"start":{"line":61,"column":56},"end":{"line":61,"column":72}},"27":{"start":{"line":62,"column":8},"end":{"line":64,"column":9}},"28":{"start":{"line":63,"column":12},"end":{"line":63,"column":81}},"29":{"start":{"line":66,"column":8},"end":{"line":70,"column":10}},"30":{"start":{"line":72,"column":8},"end":{"line":75,"column":11}},"31":{"start":{"line":77,"column":8},"end":{"line":77,"column":97}},"32":{"start":{"line":82,"column":0},"end":{"line":96,"column":3}},"33":{"start":{"line":83,"column":4},"end":{"line":95,"column":5}},"34":{"start":{"line":84,"column":23},"end":{"line":84,"column":33}},"35":{"start":{"line":85,"column":28},"end":{"line":85,"column":73}},"36":{"start":{"line":85,"column":56},"end":{"line":85,"column":72}},"37":{"start":{"line":87,"column":8},"end":{"line":89,"column":9}},"38":{"start":{"line":88,"column":12},"end":{"line":88,"column":81}},"39":{"start":{"line":91,"column":8},"end":{"line":91,"column":39}},"40":{"start":{"line":92,"column":8},"end":{"line":92,"column":69}},"41":{"start":{"line":94,"column":8},"end":{"line":94,"column":97}},"42":{"start":{"line":99,"column":0},"end":{"line":107,"column":3}},"43":{"start":{"line":100,"column":4},"end":{"line":106,"column":5}},"44":{"start":{"line":101,"column":28},"end":{"line":101,"column":38}},"45":{"start":{"line":102,"column":29},"end":{"line":102,"column":81}},"46":{"start":{"line":102,"column":54},"end":{"line":102,"column":80}},"47":{"start":{"line":103,"column":8},"end":{"line":103,"column":31}},"48":{"start":{"line":105,"column":8},"end":{"line":105,"column":96}},"49":{"start":{"line":111,"column":22},"end":{"line":120,"column":5}},"50":{"start":{"line":122,"column":4},"end":{"line":122,"column":28}},"51":{"start":{"line":123,"column":4},"end":{"line":123,"column":21}},"52":{"start":{"line":127,"column":0},"end":{"line":148,"column":3}},"53":{"start":{"line":128,"column":4},"end":{"line":147,"column":5}},"54":{"start":{"line":129,"column":26},"end":{"line":129,"column":48}},"55":{"start":{"line":131,"column":8},"end":{"line":133,"column":9}},"56":{"start":{"line":132,"column":12},"end":{"line":132,"column":76}},"57":{"start":{"line":135,"column":28},"end":{"line":135,"column":89}},"58":{"start":{"line":135,"column":53},"end":{"line":135,"column":88}},"59":{"start":{"line":137,"column":22},"end":{"line":142,"column":9}},"60":{"start":{"line":139,"column":58},"end":{"line":139,"column":87}},"61":{"start":{"line":140,"column":56},"end":{"line":140,"column":83}},"62":{"start":{"line":141,"column":58},"end":{"line":141,"column":87}},"63":{"start":{"line":144,"column":8},"end":{"line":144,"column":24}},"64":{"start":{"line":146,"column":8},"end":{"line":146,"column":101}},"65":{"start":{"line":150,"column":0},"end":{"line":150,"column":24}}},"fnMap":{"0":{"name":"(anonymous_0)","decl":{"start":{"line":8,"column":16},"end":{"line":8,"column":17}},"loc":{"start":{"line":8,"column":30},"end":{"line":22,"column":1}},"line":8},"1":{"name":"(anonymous_1)","decl":{"start":{"line":17,"column":43},"end":{"line":17,"column":44}},"loc":{"start":{"line":17,"column":53},"end":{"line":17,"column":88}},"line":17},"2":{"name":"(anonymous_2)","decl":{"start":{"line":25,"column":17},"end":{"line":25,"column":18}},"loc":{"start":{"line":25,"column":31},"end":{"line":53,"column":1}},"line":25},"3":{"name":"(anonymous_3)","decl":{"start":{"line":56,"column":19},"end":{"line":56,"column":20}},"loc":{"start":{"line":56,"column":33},"end":{"line":79,"column":1}},"line":56},"4":{"name":"(anonymous_4)","decl":{"start":{"line":61,"column":46},"end":{"line":61,"column":47}},"loc":{"start":{"line":61,"column":56},"end":{"line":61,"column":72}},"line":61},"5":{"name":"(anonymous_5)","decl":{"start":{"line":82,"column":22},"end":{"line":82,"column":23}},"loc":{"start":{"line":82,"column":36},"end":{"line":96,"column":1}},"line":82},"6":{"name":"(anonymous_6)","decl":{"start":{"line":85,"column":46},"end":{"line":85,"column":47}},"loc":{"start":{"line":85,"column":56},"end":{"line":85,"column":72}},"line":85},"7":{"name":"(anonymous_7)","decl":{"start":{"line":99,"column":30},"end":{"line":99,"column":31}},"loc":{"start":{"line":99,"column":44},"end":{"line":107,"column":1}},"line":99},"8":{"name":"(anonymous_8)","decl":{"start":{"line":102,"column":44},"end":{"line":102,"column":45}},"loc":{"start":{"line":102,"column":54},"end":{"line":102,"column":80}},"line":102},"9":{"name":"createHistoryFromMatch","decl":{"start":{"line":110,"column":9},"end":{"line":110,"column":31}},"loc":{"start":{"line":110,"column":43},"end":{"line":124,"column":1}},"line":110},"10":{"name":"(anonymous_10)","decl":{"start":{"line":127,"column":21},"end":{"line":127,"column":22}},"loc":{"start":{"line":127,"column":35},"end":{"line":148,"column":1}},"line":127},"11":{"name":"(anonymous_11)","decl":{"start":{"line":135,"column":43},"end":{"line":135,"column":44}},"loc":{"start":{"line":135,"column":53},"end":{"line":135,"column":88}},"line":135},"12":{"name":"(anonymous_12)","decl":{"start":{"line":139,"column":48},"end":{"line":139,"column":49}},"loc":{"start":{"line":139,"column":58},"end":{"line":139,"column":87}},"line":139},"13":{"name":"(anonymous_13)","decl":{"start":{"line":140,"column":46},"end":{"line":140,"column":47}},"loc":{"start":{"line":140,"column":56},"end":{"line":140,"column":83}},"line":140},"14":{"name":"(anonymous_14)","decl":{"start":{"line":141,"column":48},"end":{"line":141,"column":49}},"loc":{"start":{"line":141,"column":58},"end":{"line":141,"column":87}},"line":141}},"branchMap":{"0":{"loc":{"start":{"line":12,"column":8},"end":{"line":14,"column":9}},"type":"if","locations":[{"start":{"line":12,"column":8},"end":{"line":14,"column":9}},{"start":{},"end":{}}],"line":12},"1":{"loc":{"start":{"line":30,"column":8},"end":{"line":32,"column":9}},"type":"if","locations":[{"start":{"line":30,"column":8},"end":{"line":32,"column":9}},{"start":{},"end":{}}],"line":30},"2":{"loc":{"start":{"line":30,"column":12},"end":{"line":30,"column":66}},"type":"binary-expr","locations":[{"start":{"line":30,"column":12},"end":{"line":30,"column":22}},{"start":{"line":30,"column":26},"end":{"line":30,"column":36}},{"start":{"line":30,"column":40},"end":{"line":30,"column":47}},{"start":{"line":30,"column":51},"end":{"line":30,"column":66}}],"line":30},"3":{"loc":{"start":{"line":62,"column":8},"end":{"line":64,"column":9}},"type":"if","locations":[{"start":{"line":62,"column":8},"end":{"line":64,"column":9}},{"start":{},"end":{}}],"line":62},"4":{"loc":{"start":{"line":87,"column":8},"end":{"line":89,"column":9}},"type":"if","locations":[{"start":{"line":87,"column":8},"end":{"line":89,"column":9}},{"start":{},"end":{}}],"line":87},"5":{"loc":{"start":{"line":131,"column":8},"end":{"line":133,"column":9}},"type":"if","locations":[{"start":{"line":131,"column":8},"end":{"line":133,"column":9}},{"start":{},"end":{}}],"line":131}},"s":{"0":6,"1":6,"2":6,"3":6,"4":1,"5":1,"6":1,"7":1,"8":0,"9":0,"10":0,"11":0,"12":6,"13":2,"14":2,"15":2,"16":2,"17":0,"18":0,"19":0,"20":0,"21":6,"22":0,"23":0,"24":0,"25":0,"26":0,"27":0,"28":0,"29":0,"30":0,"31":0,"32":6,"33":0,"34":0,"35":0,"36":0,"37":0,"38":0,"39":0,"40":0,"41":0,"42":6,"43":0,"44":0,"45":0,"46":0,"47":0,"48":0,"49":0,"50":0,"51":0,"52":6,"53":0,"54":0,"55":0,"56":0,"57":0,"58":0,"59":0,"60":0,"61":0,"62":0,"63":0,"64":0,"65":6},"f":{"0":1,"1":0,"2":2,"3":0,"4":0,"5":0,"6":0,"7":0,"8":0,"9":0,"10":0,"11":0,"12":0,"13":0,"14":0},"b":{"0":[1,0],"1":[2,0],"2":[2,2,1,1],"3":[0,0],"4":[0,0],"5":[0,0]},"_coverageSchema":"1a1c01bbd47fc00a2c39e90264f33305004495a9","hash":"9e0bb810afeb4bae75e1b186dccff1c0190ad72c"}
,"/Users/akshnoorsingh/Documents/GitHub/tester/backend/routes/matching.js": {"path":"/Users/akshnoorsingh/Documents/GitHub/tester/backend/routes/matching.js","statementMap":{"0":{"start":{"line":1,"column":16},"end":{"line":1,"column":34}},"1":{"start":{"line":2,"column":15},"end":{"line":2,"column":31}},"2":{"start":{"line":3,"column":54},"end":{"line":3,"column":74}},"3":{"start":{"line":6,"column":0},"end":{"line":15,"column":3}},"4":{"start":{"line":7,"column":4},"end":{"line":14,"column":5}},"5":{"start":{"line":8,"column":23},"end":{"line":8,"column":61}},"6":{"start":{"line":9,"column":8},"end":{"line":9,"column":45}},"7":{"start":{"line":10,"column":8},"end":{"line":10,"column":25}},"8":{"start":{"line":12,"column":8},"end":{"line":12,"column":55}},"9":{"start":{"line":13,"column":8},"end":{"line":13,"column":89}},"10":{"start":{"line":18,"column":0},"end":{"line":27,"column":3}},"11":{"start":{"line":19,"column":4},"end":{"line":26,"column":5}},"12":{"start":{"line":20,"column":27},"end":{"line":20,"column":69}},"13":{"start":{"line":21,"column":8},"end":{"line":21,"column":53}},"14":{"start":{"line":22,"column":8},"end":{"line":22,"column":29}},"15":{"start":{"line":24,"column":8},"end":{"line":24,"column":59}},"16":{"start":{"line":25,"column":8},"end":{"line":25,"column":93}},"17":{"start":{"line":30,"column":0},"end":{"line":85,"column":3}},"18":{"start":{"line":31,"column":4},"end":{"line":84,"column":5}},"19":{"start":{"line":32,"column":8},"end":{"line":32,"column":57}},"20":{"start":{"line":34,"column":41},"end":{"line":34,"column":49}},"21":{"start":{"line":36,"column":8},"end":{"line":38,"column":9}},"22":{"start":{"line":37,"column":12},"end":{"line":37,"column":95}},"23":{"start":{"line":41,"column":30},"end":{"line":41,"column":75}},"24":{"start":{"line":42,"column":8},"end":{"line":44,"column":9}},"25":{"start":{"line":43,"column":12},"end":{"line":43,"column":77}},"26":{"start":{"line":47,"column":26},"end":{"line":47,"column":63}},"27":{"start":{"line":48,"column":22},"end":{"line":48,"column":51}},"28":{"start":{"line":50,"column":8},"end":{"line":52,"column":9}},"29":{"start":{"line":51,"column":12},"end":{"line":51,"column":85}},"30":{"start":{"line":55,"column":22},"end":{"line":59,"column":10}},"31":{"start":{"line":61,"column":8},"end":{"line":61,"column":27}},"32":{"start":{"line":64,"column":24},"end":{"line":69,"column":10}},"33":{"start":{"line":71,"column":8},"end":{"line":71,"column":29}},"34":{"start":{"line":73,"column":8},"end":{"line":73,"column":58}},"35":{"start":{"line":75,"column":8},"end":{"line":79,"column":11}},"36":{"start":{"line":82,"column":8},"end":{"line":82,"column":54}},"37":{"start":{"line":83,"column":8},"end":{"line":83,"column":88}},"38":{"start":{"line":88,"column":0},"end":{"line":136,"column":3}},"39":{"start":{"line":89,"column":4},"end":{"line":135,"column":5}},"40":{"start":{"line":90,"column":8},"end":{"line":90,"column":71}},"41":{"start":{"line":92,"column":58},"end":{"line":92,"column":66}},"42":{"start":{"line":94,"column":8},"end":{"line":98,"column":9}},"43":{"start":{"line":95,"column":12},"end":{"line":97,"column":15}},"44":{"start":{"line":101,"column":24},"end":{"line":101,"column":58}},"45":{"start":{"line":103,"column":8},"end":{"line":123,"column":9}},"46":{"start":{"line":105,"column":12},"end":{"line":105,"column":38}},"47":{"start":{"line":106,"column":12},"end":{"line":106,"column":38}},"48":{"start":{"line":107,"column":12},"end":{"line":107,"column":56}},"49":{"start":{"line":108,"column":12},"end":{"line":108,"column":40}},"50":{"start":{"line":109,"column":12},"end":{"line":109,"column":35}},"51":{"start":{"line":110,"column":12},"end":{"line":110,"column":66}},"52":{"start":{"line":113,"column":12},"end":{"line":120,"column":15}},"53":{"start":{"line":121,"column":12},"end":{"line":121,"column":35}},"54":{"start":{"line":122,"column":12},"end":{"line":122,"column":61}},"55":{"start":{"line":125,"column":8},"end":{"line":128,"column":11}},"56":{"start":{"line":130,"column":8},"end":{"line":130,"column":61}},"57":{"start":{"line":131,"column":8},"end":{"line":134,"column":11}},"58":{"start":{"line":139,"column":0},"end":{"line":148,"column":3}},"59":{"start":{"line":140,"column":4},"end":{"line":147,"column":5}},"60":{"start":{"line":141,"column":24},"end":{"line":143,"column":32}},"61":{"start":{"line":144,"column":8},"end":{"line":144,"column":26}},"62":{"start":{"line":146,"column":8},"end":{"line":146,"column":90}},"63":{"start":{"line":151,"column":0},"end":{"line":170,"column":3}},"64":{"start":{"line":152,"column":4},"end":{"line":169,"column":5}},"65":{"start":{"line":153,"column":23},"end":{"line":153,"column":33}},"66":{"start":{"line":154,"column":27},"end":{"line":154,"column":35}},"67":{"start":{"line":156,"column":22},"end":{"line":160,"column":9}},"68":{"start":{"line":162,"column":8},"end":{"line":164,"column":9}},"69":{"start":{"line":163,"column":12},"end":{"line":163,"column":72}},"70":{"start":{"line":166,"column":8},"end":{"line":166,"column":24}},"71":{"start":{"line":168,"column":8},"end":{"line":168,"column":95}},"72":{"start":{"line":172,"column":0},"end":{"line":172,"column":24}}},"fnMap":{"0":{"name":"(anonymous_0)","decl":{"start":{"line":6,"column":22},"end":{"line":6,"column":23}},"loc":{"start":{"line":6,"column":42},"end":{"line":15,"column":1}},"line":6},"1":{"name":"(anonymous_1)","decl":{"start":{"line":18,"column":26},"end":{"line":18,"column":27}},"loc":{"start":{"line":18,"column":46},"end":{"line":27,"column":1}},"line":18},"2":{"name":"(anonymous_2)","decl":{"start":{"line":30,"column":22},"end":{"line":30,"column":23}},"loc":{"start":{"line":30,"column":42},"end":{"line":85,"column":1}},"line":30},"3":{"name":"(anonymous_3)","decl":{"start":{"line":88,"column":35},"end":{"line":88,"column":36}},"loc":{"start":{"line":88,"column":55},"end":{"line":136,"column":1}},"line":88},"4":{"name":"(anonymous_4)","decl":{"start":{"line":139,"column":23},"end":{"line":139,"column":24}},"loc":{"start":{"line":139,"column":43},"end":{"line":148,"column":1}},"line":139},"5":{"name":"(anonymous_5)","decl":{"start":{"line":151,"column":32},"end":{"line":151,"column":33}},"loc":{"start":{"line":151,"column":52},"end":{"line":170,"column":1}},"line":151}},"branchMap":{"0":{"loc":{"start":{"line":36,"column":8},"end":{"line":38,"column":9}},"type":"if","locations":[{"start":{"line":36,"column":8},"end":{"line":38,"column":9}},{"start":{},"end":{}}],"line":36},"1":{"loc":{"start":{"line":36,"column":12},"end":{"line":36,"column":36}},"type":"binary-expr","locations":[{"start":{"line":36,"column":12},"end":{"line":36,"column":24}},{"start":{"line":36,"column":28},"end":{"line":36,"column":36}}],"line":36},"2":{"loc":{"start":{"line":42,"column":8},"end":{"line":44,"column":9}},"type":"if","locations":[{"start":{"line":42,"column":8},"end":{"line":44,"column":9}},{"start":{},"end":{}}],"line":42},"3":{"loc":{"start":{"line":50,"column":8},"end":{"line":52,"column":9}},"type":"if","locations":[{"start":{"line":50,"column":8},"end":{"line":52,"column":9}},{"start":{},"end":{}}],"line":50},"4":{"loc":{"start":{"line":50,"column":12},"end":{"line":50,"column":32}},"type":"binary-expr","locations":[{"start":{"line":50,"column":12},"end":{"line":50,"column":22}},{"start":{"line":50,"column":26},"end":{"line":50,"column":32}}],"line":50},"5":{"loc":{"start":{"line":94,"column":8},"end":{"line":98,"column":9}},"type":"if","locations":[{"start":{"line":94,"column":8},"end":{"line":98,"column":9}},{"start":{},"end":{}}],"line":94},"6":{"loc":{"start":{"line":94,"column":12},"end":{"line":94,"column":42}},"type":"binary-expr","locations":[{"start":{"line":94,"column":12},"end":{"line":94,"column":21}},{"start":{"line":94,"column":25},"end":{"line":94,"column":31}},{"start":{"line":94,"column":35},"end":{"line":94,"column":42}}],"line":94},"7":{"loc":{"start":{"line":103,"column":8},"end":{"line":123,"column":9}},"type":"if","locations":[{"start":{"line":103,"column":8},"end":{"line":123,"column":9}},{"start":{"line":111,"column":15},"end":{"line":123,"column":9}}],"line":103},"8":{"loc":{"start":{"line":107,"column":37},"end":{"line":107,"column":55}},"type":"binary-expr","locations":[{"start":{"line":107,"column":37},"end":{"line":107,"column":49}},{"start":{"line":107,"column":53},"end":{"line":107,"column":55}}],"line":107},"9":{"loc":{"start":{"line":117,"column":30},"end":{"line":117,"column":48}},"type":"binary-expr","locations":[{"start":{"line":117,"column":30},"end":{"line":117,"column":42}},{"start":{"line":117,"column":46},"end":{"line":117,"column":48}}],"line":117},"10":{"loc":{"start":{"line":126,"column":21},"end":{"line":126,"column":103}},"type":"cond-expr","locations":[{"start":{"line":126,"column":33},"end":{"line":126,"column":65}},{"start":{"line":126,"column":68},"end":{"line":126,"column":103}}],"line":126},"11":{"loc":{"start":{"line":162,"column":8},"end":{"line":164,"column":9}},"type":"if","locations":[{"start":{"line":162,"column":8},"end":{"line":164,"column":9}},{"start":{},"end":{}}],"line":162}},"s":{"0":6,"1":6,"2":6,"3":6,"4":0,"5":0,"6":0,"7":0,"8":0,"9":0,"10":6,"11":0,"12":0,"13":0,"14":0,"15":0,"16":0,"17":6,"18":0,"19":0,"20":0,"21":0,"22":0,"23":0,"24":0,"25":0,"26":0,"27":0,"28":0,"29":0,"30":0,"31":0,"32":0,"33":0,"34":0,"35":0,"36":0,"37":0,"38":6,"39":0,"40":0,"41":0,"42":0,"43":0,"44":0,"45":0,"46":0,"47":0,"48":0,"49":0,"50":0,"51":0,"52":0,"53":0,"54":0,"55":0,"56":0,"57":0,"58":6,"59":0,"60":0,"61":0,"62":0,"63":6,"64":0,"65":0,"66":0,"67":0,"68":0,"69":0,"70":0,"71":0,"72":6},"f":{"0":0,"1":0,"2":0,"3":0,"4":0,"5":0},"b":{"0":[0,0],"1":[0,0],"2":[0,0],"3":[0,0],"4":[0,0],"5":[0,0],"6":[0,0,0],"7":[0,0],"8":[0,0],"9":[0,0],"10":[0,0],"11":[0,0]},"_coverageSchema":"1a1c01bbd47fc00a2c39e90264f33305004495a9","hash":"107405d322e01b3ee477b215a718fa67f9823d96"}
,"/Users/akshnoorsingh/Documents/GitHub/tester/backend/routes/notifications.js": {"path":"/Users/akshnoorsingh/Documents/GitHub/tester/backend/routes/notifications.js","statementMap":{"0":{"start":{"line":1,"column":16},"end":{"line":1,"column":34}},"1":{"start":{"line":2,"column":15},"end":{"line":2,"column":31}},"2":{"start":{"line":5,"column":20},"end":{"line":5,"column":22}},"3":{"start":{"line":9,"column":4},"end":{"line":18,"column":6}},"4":{"start":{"line":22,"column":0},"end":{"line":42,"column":3}},"5":{"start":{"line":23,"column":4},"end":{"line":41,"column":5}},"6":{"start":{"line":24,"column":23},"end":{"line":24,"column":45}},"7":{"start":{"line":26,"column":8},"end":{"line":28,"column":9}},"8":{"start":{"line":27,"column":12},"end":{"line":27,"column":76}},"9":{"start":{"line":31,"column":34},"end":{"line":33,"column":54}},"10":{"start":{"line":32,"column":29},"end":{"line":32,"column":52}},"11":{"start":{"line":33,"column":28},"end":{"line":33,"column":53}},"12":{"start":{"line":35,"column":8},"end":{"line":35,"column":36}},"13":{"start":{"line":37,"column":8},"end":{"line":40,"column":11}},"14":{"start":{"line":45,"column":0},"end":{"line":67,"column":3}},"15":{"start":{"line":46,"column":4},"end":{"line":66,"column":5}},"16":{"start":{"line":47,"column":52},"end":{"line":47,"column":60}},"17":{"start":{"line":50,"column":8},"end":{"line":52,"column":9}},"18":{"start":{"line":51,"column":12},"end":{"line":51,"column":95}},"19":{"start":{"line":54,"column":29},"end":{"line":54,"column":80}},"20":{"start":{"line":55,"column":8},"end":{"line":55,"column":41}},"21":{"start":{"line":57,"column":8},"end":{"line":60,"column":11}},"22":{"start":{"line":62,"column":8},"end":{"line":65,"column":11}},"23":{"start":{"line":70,"column":0},"end":{"line":98,"column":3}},"24":{"start":{"line":71,"column":4},"end":{"line":97,"column":5}},"25":{"start":{"line":72,"column":23},"end":{"line":72,"column":33}},"26":{"start":{"line":73,"column":23},"end":{"line":73,"column":45}},"27":{"start":{"line":75,"column":8},"end":{"line":77,"column":9}},"28":{"start":{"line":76,"column":12},"end":{"line":76,"column":76}},"29":{"start":{"line":79,"column":29},"end":{"line":79,"column":88}},"30":{"start":{"line":79,"column":53},"end":{"line":79,"column":87}},"31":{"start":{"line":81,"column":8},"end":{"line":83,"column":9}},"32":{"start":{"line":82,"column":12},"end":{"line":82,"column":79}},"33":{"start":{"line":85,"column":8},"end":{"line":85,"column":35}},"34":{"start":{"line":86,"column":8},"end":{"line":86,"column":41}},"35":{"start":{"line":88,"column":8},"end":{"line":91,"column":11}},"36":{"start":{"line":93,"column":8},"end":{"line":96,"column":11}},"37":{"start":{"line":101,"column":0},"end":{"line":129,"column":3}},"38":{"start":{"line":102,"column":4},"end":{"line":128,"column":5}},"39":{"start":{"line":103,"column":23},"end":{"line":103,"column":45}},"40":{"start":{"line":105,"column":8},"end":{"line":107,"column":9}},"41":{"start":{"line":106,"column":12},"end":{"line":106,"column":76}},"42":{"start":{"line":109,"column":28},"end":{"line":109,"column":38}},"43":{"start":{"line":110,"column":34},"end":{"line":110,"column":80}},"44":{"start":{"line":110,"column":60},"end":{"line":110,"column":79}},"45":{"start":{"line":112,"column":8},"end":{"line":117,"column":11}},"46":{"start":{"line":113,"column":12},"end":{"line":116,"column":13}},"47":{"start":{"line":114,"column":16},"end":{"line":114,"column":43}},"48":{"start":{"line":115,"column":16},"end":{"line":115,"column":50}},"49":{"start":{"line":119,"column":8},"end":{"line":122,"column":11}},"50":{"start":{"line":124,"column":8},"end":{"line":127,"column":11}},"51":{"start":{"line":132,"column":0},"end":{"line":155,"column":3}},"52":{"start":{"line":133,"column":4},"end":{"line":154,"column":5}},"53":{"start":{"line":134,"column":23},"end":{"line":134,"column":33}},"54":{"start":{"line":135,"column":23},"end":{"line":135,"column":45}},"55":{"start":{"line":137,"column":8},"end":{"line":139,"column":9}},"56":{"start":{"line":138,"column":12},"end":{"line":138,"column":76}},"57":{"start":{"line":141,"column":22},"end":{"line":141,"column":86}},"58":{"start":{"line":141,"column":51},"end":{"line":141,"column":85}},"59":{"start":{"line":143,"column":8},"end":{"line":145,"column":9}},"60":{"start":{"line":144,"column":12},"end":{"line":144,"column":79}},"61":{"start":{"line":147,"column":8},"end":{"line":147,"column":39}},"62":{"start":{"line":148,"column":8},"end":{"line":148,"column":67}},"63":{"start":{"line":150,"column":8},"end":{"line":153,"column":11}},"64":{"start":{"line":158,"column":0},"end":{"line":180,"column":3}},"65":{"start":{"line":159,"column":4},"end":{"line":179,"column":5}},"66":{"start":{"line":160,"column":23},"end":{"line":160,"column":45}},"67":{"start":{"line":162,"column":8},"end":{"line":164,"column":9}},"68":{"start":{"line":163,"column":12},"end":{"line":163,"column":76}},"69":{"start":{"line":166,"column":29},"end":{"line":166,"column":49}},"70":{"start":{"line":167,"column":8},"end":{"line":167,"column":84}},"71":{"start":{"line":167,"column":50},"end":{"line":167,"column":82}},"72":{"start":{"line":169,"column":29},"end":{"line":169,"column":64}},"73":{"start":{"line":170,"column":8},"end":{"line":173,"column":11}},"74":{"start":{"line":175,"column":8},"end":{"line":178,"column":11}},"75":{"start":{"line":183,"column":0},"end":{"line":202,"column":3}},"76":{"start":{"line":184,"column":4},"end":{"line":201,"column":5}},"77":{"start":{"line":185,"column":23},"end":{"line":185,"column":45}},"78":{"start":{"line":187,"column":8},"end":{"line":189,"column":9}},"79":{"start":{"line":188,"column":12},"end":{"line":188,"column":76}},"80":{"start":{"line":191,"column":28},"end":{"line":193,"column":16}},"81":{"start":{"line":192,"column":17},"end":{"line":192,"column":49}},"82":{"start":{"line":195,"column":8},"end":{"line":195,"column":34}},"83":{"start":{"line":197,"column":8},"end":{"line":200,"column":11}},"84":{"start":{"line":206,"column":25},"end":{"line":211,"column":5}},"85":{"start":{"line":212,"column":4},"end":{"line":212,"column":37}},"86":{"start":{"line":213,"column":4},"end":{"line":213,"column":24}},"87":{"start":{"line":217,"column":25},"end":{"line":222,"column":5}},"88":{"start":{"line":223,"column":4},"end":{"line":223,"column":37}},"89":{"start":{"line":224,"column":4},"end":{"line":224,"column":24}},"90":{"start":{"line":228,"column":25},"end":{"line":233,"column":5}},"91":{"start":{"line":234,"column":4},"end":{"line":234,"column":37}},"92":{"start":{"line":235,"column":4},"end":{"line":235,"column":24}},"93":{"start":{"line":239,"column":0},"end":{"line":239,"column":24}}},"fnMap":{"0":{"name":"createNotification","decl":{"start":{"line":8,"column":9},"end":{"line":8,"column":27}},"loc":{"start":{"line":8,"column":66},"end":{"line":19,"column":1}},"line":8},"1":{"name":"(anonymous_1)","decl":{"start":{"line":22,"column":16},"end":{"line":22,"column":17}},"loc":{"start":{"line":22,"column":30},"end":{"line":42,"column":1}},"line":22},"2":{"name":"(anonymous_2)","decl":{"start":{"line":32,"column":20},"end":{"line":32,"column":21}},"loc":{"start":{"line":32,"column":29},"end":{"line":32,"column":52}},"line":32},"3":{"name":"(anonymous_3)","decl":{"start":{"line":33,"column":18},"end":{"line":33,"column":19}},"loc":{"start":{"line":33,"column":28},"end":{"line":33,"column":53}},"line":33},"4":{"name":"(anonymous_4)","decl":{"start":{"line":45,"column":17},"end":{"line":45,"column":18}},"loc":{"start":{"line":45,"column":31},"end":{"line":67,"column":1}},"line":45},"5":{"name":"(anonymous_5)","decl":{"start":{"line":70,"column":24},"end":{"line":70,"column":25}},"loc":{"start":{"line":70,"column":38},"end":{"line":98,"column":1}},"line":70},"6":{"name":"(anonymous_6)","decl":{"start":{"line":79,"column":48},"end":{"line":79,"column":49}},"loc":{"start":{"line":79,"column":53},"end":{"line":79,"column":87}},"line":79},"7":{"name":"(anonymous_7)","decl":{"start":{"line":101,"column":24},"end":{"line":101,"column":25}},"loc":{"start":{"line":101,"column":38},"end":{"line":129,"column":1}},"line":101},"8":{"name":"(anonymous_8)","decl":{"start":{"line":110,"column":55},"end":{"line":110,"column":56}},"loc":{"start":{"line":110,"column":60},"end":{"line":110,"column":79}},"line":110},"9":{"name":"(anonymous_9)","decl":{"start":{"line":112,"column":34},"end":{"line":112,"column":35}},"loc":{"start":{"line":112,"column":50},"end":{"line":117,"column":9}},"line":112},"10":{"name":"(anonymous_10)","decl":{"start":{"line":132,"column":22},"end":{"line":132,"column":23}},"loc":{"start":{"line":132,"column":36},"end":{"line":155,"column":1}},"line":132},"11":{"name":"(anonymous_11)","decl":{"start":{"line":141,"column":46},"end":{"line":141,"column":47}},"loc":{"start":{"line":141,"column":51},"end":{"line":141,"column":85}},"line":141},"12":{"name":"(anonymous_12)","decl":{"start":{"line":158,"column":29},"end":{"line":158,"column":30}},"loc":{"start":{"line":158,"column":43},"end":{"line":180,"column":1}},"line":158},"13":{"name":"(anonymous_13)","decl":{"start":{"line":167,"column":45},"end":{"line":167,"column":46}},"loc":{"start":{"line":167,"column":50},"end":{"line":167,"column":82}},"line":167},"14":{"name":"(anonymous_14)","decl":{"start":{"line":183,"column":28},"end":{"line":183,"column":29}},"loc":{"start":{"line":183,"column":42},"end":{"line":202,"column":1}},"line":183},"15":{"name":"(anonymous_15)","decl":{"start":{"line":192,"column":12},"end":{"line":192,"column":13}},"loc":{"start":{"line":192,"column":17},"end":{"line":192,"column":49}},"line":192},"16":{"name":"createEventNotification","decl":{"start":{"line":205,"column":9},"end":{"line":205,"column":32}},"loc":{"start":{"line":205,"column":61},"end":{"line":214,"column":1}},"line":205},"17":{"name":"createMatchNotification","decl":{"start":{"line":216,"column":9},"end":{"line":216,"column":32}},"loc":{"start":{"line":216,"column":61},"end":{"line":225,"column":1}},"line":216},"18":{"name":"createReminderNotification","decl":{"start":{"line":227,"column":9},"end":{"line":227,"column":35}},"loc":{"start":{"line":227,"column":75},"end":{"line":236,"column":1}},"line":227}},"branchMap":{"0":{"loc":{"start":{"line":8,"column":51},"end":{"line":8,"column":64}},"type":"default-arg","locations":[{"start":{"line":8,"column":62},"end":{"line":8,"column":64}}],"line":8},"1":{"loc":{"start":{"line":26,"column":8},"end":{"line":28,"column":9}},"type":"if","locations":[{"start":{"line":26,"column":8},"end":{"line":28,"column":9}},{"start":{},"end":{}}],"line":26},"2":{"loc":{"start":{"line":50,"column":8},"end":{"line":52,"column":9}},"type":"if","locations":[{"start":{"line":50,"column":8},"end":{"line":52,"column":9}},{"start":{},"end":{}}],"line":50},"3":{"loc":{"start":{"line":50,"column":12},"end":{"line":50,"column":40}},"type":"binary-expr","locations":[{"start":{"line":50,"column":12},"end":{"line":50,"column":20}},{"start":{"line":50,"column":24},"end":{"line":50,"column":29}},{"start":{"line":50,"column":33},"end":{"line":50,"column":40}}],"line":50},"4":{"loc":{"start":{"line":75,"column":8},"end":{"line":77,"column":9}},"type":"if","locations":[{"start":{"line":75,"column":8},"end":{"line":77,"column":9}},{"start":{},"end":{}}],"line":75},"5":{"loc":{"start":{"line":79,"column":53},"end":{"line":79,"column":87}},"type":"binary-expr","locations":[{"start":{"line":79,"column":53},"end":{"line":79,"column":64}},{"start":{"line":79,"column":68},"end":{"line":79,"column":87}}],"line":79},"6":{"loc":{"start":{"line":81,"column":8},"end":{"line":83,"column":9}},"type":"if","locations":[{"start":{"line":81,"column":8},"end":{"line":83,"column":9}},{"start":{},"end":{}}],"line":81},"7":{"loc":{"start":{"line":105,"column":8},"end":{"line":107,"column":9}},"type":"if","locations":[{"start":{"line":105,"column":8},"end":{"line":107,"column":9}},{"start":{},"end":{}}],"line":105},"8":{"loc":{"start":{"line":113,"column":12},"end":{"line":116,"column":13}},"type":"if","locations":[{"start":{"line":113,"column":12},"end":{"line":116,"column":13}},{"start":{},"end":{}}],"line":113},"9":{"loc":{"start":{"line":137,"column":8},"end":{"line":139,"column":9}},"type":"if","locations":[{"start":{"line":137,"column":8},"end":{"line":139,"column":9}},{"start":{},"end":{}}],"line":137},"10":{"loc":{"start":{"line":141,"column":51},"end":{"line":141,"column":85}},"type":"binary-expr","locations":[{"start":{"line":141,"column":51},"end":{"line":141,"column":62}},{"start":{"line":141,"column":66},"end":{"line":141,"column":85}}],"line":141},"11":{"loc":{"start":{"line":143,"column":8},"end":{"line":145,"column":9}},"type":"if","locations":[{"start":{"line":143,"column":8},"end":{"line":145,"column":9}},{"start":{},"end":{}}],"line":143},"12":{"loc":{"start":{"line":162,"column":8},"end":{"line":164,"column":9}},"type":"if","locations":[{"start":{"line":162,"column":8},"end":{"line":164,"column":9}},{"start":{},"end":{}}],"line":162},"13":{"loc":{"start":{"line":167,"column":50},"end":{"line":167,"column":82}},"type":"binary-expr","locations":[{"start":{"line":167,"column":50},"end":{"line":167,"column":59}},{"start":{"line":167,"column":63},"end":{"line":167,"column":82}}],"line":167},"14":{"loc":{"start":{"line":187,"column":8},"end":{"line":189,"column":9}},"type":"if","locations":[{"start":{"line":187,"column":8},"end":{"line":189,"column":9}},{"start":{},"end":{}}],"line":187},"15":{"loc":{"start":{"line":192,"column":17},"end":{"line":192,"column":49}},"type":"binary-expr","locations":[{"start":{"line":192,"column":17},"end":{"line":192,"column":36}},{"start":{"line":192,"column":40},"end":{"line":192,"column":49}}],"line":192}},"s":{"0":6,"1":6,"2":6,"3":0,"4":6,"5":1,"6":1,"7":1,"8":1,"9":0,"10":0,"11":0,"12":0,"13":0,"14":6,"15":2,"16":2,"17":2,"18":2,"19":0,"20":0,"21":0,"22":0,"23":6,"24":0,"25":0,"26":0,"27":0,"28":0,"29":0,"30":0,"31":0,"32":0,"33":0,"34":0,"35":0,"36":0,"37":6,"38":0,"39":0,"40":0,"41":0,"42":0,"43":0,"44":0,"45":0,"46":0,"47":0,"48":0,"49":0,"50":0,"51":6,"52":0,"53":0,"54":0,"55":0,"56":0,"57":0,"58":0,"59":0,"60":0,"61":0,"62":0,"63":0,"64":6,"65":0,"66":0,"67":0,"68":0,"69":0,"70":0,"71":0,"72":0,"73":0,"74":0,"75":6,"76":0,"77":0,"78":0,"79":0,"80":0,"81":0,"82":0,"83":0,"84":0,"85":0,"86":0,"87":0,"88":0,"89":0,"90":0,"91":0,"92":0,"93":6},"f":{"0":0,"1":1,"2":0,"3":0,"4":2,"5":0,"6":0,"7":0,"8":0,"9":0,"10":0,"11":0,"12":0,"13":0,"14":0,"15":0,"16":0,"17":0,"18":0},"b":{"0":[0],"1":[1,0],"2":[2,0],"3":[2,1,0],"4":[0,0],"5":[0,0],"6":[0,0],"7":[0,0],"8":[0,0],"9":[0,0],"10":[0,0],"11":[0,0],"12":[0,0],"13":[0,0],"14":[0,0],"15":[0,0]},"_coverageSchema":"1a1c01bbd47fc00a2c39e90264f33305004495a9","hash":"0d36e0dec5d22fb8f5189a8e43a3e5eba2d073c1"}
,"/Users/akshnoorsingh/Documents/GitHub/tester/backend/routes/profile.js": {"path":"/Users/akshnoorsingh/Documents/GitHub/tester/backend/routes/profile.js","statementMap":{"0":{"start":{"line":2,"column":16},"end":{"line":2,"column":34}},"1":{"start":{"line":3,"column":15},"end":{"line":3,"column":31}},"2":{"start":{"line":4,"column":20},"end":{"line":4,"column":52}},"3":{"start":{"line":5,"column":24},"end":{"line":5,"column":60}},"4":{"start":{"line":6,"column":18},"end":{"line":6,"column":48}},"5":{"start":{"line":9,"column":0},"end":{"line":82,"column":3}},"6":{"start":{"line":10,"column":4},"end":{"line":81,"column":5}},"7":{"start":{"line":11,"column":26},"end":{"line":11,"column":48}},"8":{"start":{"line":13,"column":8},"end":{"line":15,"column":9}},"9":{"start":{"line":14,"column":12},"end":{"line":14,"column":76}},"10":{"start":{"line":27,"column":12},"end":{"line":27,"column":20}},"11":{"start":{"line":30,"column":28},"end":{"line":41,"column":9}},"12":{"start":{"line":44,"column":24},"end":{"line":48,"column":9}},"13":{"start":{"line":51,"column":30},"end":{"line":56,"column":9}},"14":{"start":{"line":58,"column":8},"end":{"line":62,"column":10}},"15":{"start":{"line":65,"column":8},"end":{"line":68,"column":10}},"16":{"start":{"line":70,"column":8},"end":{"line":73,"column":11}},"17":{"start":{"line":76,"column":8},"end":{"line":76,"column":54}},"18":{"start":{"line":77,"column":8},"end":{"line":80,"column":11}},"19":{"start":{"line":85,"column":0},"end":{"line":107,"column":3}},"20":{"start":{"line":86,"column":4},"end":{"line":106,"column":5}},"21":{"start":{"line":87,"column":26},"end":{"line":87,"column":48}},"22":{"start":{"line":89,"column":8},"end":{"line":91,"column":9}},"23":{"start":{"line":90,"column":12},"end":{"line":90,"column":76}},"24":{"start":{"line":93,"column":24},"end":{"line":93,"column":71}},"25":{"start":{"line":95,"column":8},"end":{"line":97,"column":9}},"26":{"start":{"line":96,"column":12},"end":{"line":96,"column":74}},"27":{"start":{"line":99,"column":8},"end":{"line":99,"column":26}},"28":{"start":{"line":101,"column":8},"end":{"line":101,"column":53}},"29":{"start":{"line":102,"column":8},"end":{"line":105,"column":11}},"30":{"start":{"line":109,"column":0},"end":{"line":109,"column":24}}},"fnMap":{"0":{"name":"(anonymous_0)","decl":{"start":{"line":9,"column":17},"end":{"line":9,"column":18}},"loc":{"start":{"line":9,"column":37},"end":{"line":82,"column":1}},"line":9},"1":{"name":"(anonymous_1)","decl":{"start":{"line":85,"column":16},"end":{"line":85,"column":17}},"loc":{"start":{"line":85,"column":36},"end":{"line":107,"column":1}},"line":85}},"branchMap":{"0":{"loc":{"start":{"line":13,"column":8},"end":{"line":15,"column":9}},"type":"if","locations":[{"start":{"line":13,"column":8},"end":{"line":15,"column":9}},{"start":{},"end":{}}],"line":13},"1":{"loc":{"start":{"line":89,"column":8},"end":{"line":91,"column":9}},"type":"if","locations":[{"start":{"line":89,"column":8},"end":{"line":91,"column":9}},{"start":{},"end":{}}],"line":89},"2":{"loc":{"start":{"line":95,"column":8},"end":{"line":97,"column":9}},"type":"if","locations":[{"start":{"line":95,"column":8},"end":{"line":97,"column":9}},{"start":{},"end":{}}],"line":95}},"s":{"0":6,"1":6,"2":6,"3":6,"4":6,"5":6,"6":2,"7":2,"8":2,"9":0,"10":2,"11":2,"12":2,"13":2,"14":2,"15":2,"16":2,"17":0,"18":0,"19":6,"20":0,"21":0,"22":0,"23":0,"24":0,"25":0,"26":0,"27":0,"28":0,"29":0,"30":6},"f":{"0":2,"1":0},"b":{"0":[0,2],"1":[0,0],"2":[0,0]},"_coverageSchema":"1a1c01bbd47fc00a2c39e90264f33305004495a9","hash":"c6452adf50a4074ee30084cacd42c2afdf539adc"}
,"/Users/akshnoorsingh/Documents/GitHub/tester/backend/routes/reportRoutes.js": {"path":"/Users/akshnoorsingh/Documents/GitHub/tester/backend/routes/reportRoutes.js","statementMap":{"0":{"start":{"line":1,"column":16},"end":{"line":1,"column":34}},"1":{"start":{"line":2,"column":15},"end":{"line":2,"column":31}},"2":{"start":{"line":3,"column":54},"end":{"line":3,"column":74}},"3":{"start":{"line":4,"column":20},"end":{"line":4,"column":37}},"4":{"start":{"line":5,"column":19},"end":{"line":5,"column":38}},"5":{"start":{"line":6,"column":15},"end":{"line":6,"column":32}},"6":{"start":{"line":8,"column":0},"end":{"line":86,"column":3}},"7":{"start":{"line":9,"column":4},"end":{"line":85,"column":5}},"8":{"start":{"line":10,"column":27},"end":{"line":10,"column":58}},"9":{"start":{"line":11,"column":23},"end":{"line":11,"column":50}},"10":{"start":{"line":12,"column":24},"end":{"line":12,"column":69}},"11":{"start":{"line":13,"column":24},"end":{"line":13,"column":60}},"12":{"start":{"line":15,"column":20},"end":{"line":15,"column":37}},"13":{"start":{"line":16,"column":23},"end":{"line":16,"column":25}},"14":{"start":{"line":18,"column":8},"end":{"line":18,"column":52}},"15":{"start":{"line":18,"column":32},"end":{"line":18,"column":50}},"16":{"start":{"line":19,"column":8},"end":{"line":24,"column":11}},"17":{"start":{"line":20,"column":27},"end":{"line":20,"column":48}},"18":{"start":{"line":21,"column":12},"end":{"line":21,"column":61}},"19":{"start":{"line":22,"column":12},"end":{"line":22,"column":94}},"20":{"start":{"line":23,"column":12},"end":{"line":23,"column":29}},"21":{"start":{"line":27,"column":8},"end":{"line":27,"column":89}},"22":{"start":{"line":28,"column":8},"end":{"line":28,"column":110}},"23":{"start":{"line":29,"column":8},"end":{"line":29,"column":24}},"24":{"start":{"line":32,"column":8},"end":{"line":32,"column":85}},"25":{"start":{"line":33,"column":8},"end":{"line":33,"column":23}},"26":{"start":{"line":35,"column":8},"end":{"line":51,"column":9}},"27":{"start":{"line":36,"column":12},"end":{"line":36,"column":50}},"28":{"start":{"line":37,"column":12},"end":{"line":37,"column":63}},"29":{"start":{"line":38,"column":12},"end":{"line":38,"column":63}},"30":{"start":{"line":41,"column":37},"end":{"line":41,"column":86}},"31":{"start":{"line":41,"column":57},"end":{"line":41,"column":85}},"32":{"start":{"line":42,"column":12},"end":{"line":49,"column":13}},"33":{"start":{"line":43,"column":16},"end":{"line":43,"column":51}},"34":{"start":{"line":44,"column":16},"end":{"line":46,"column":19}},"35":{"start":{"line":45,"column":20},"end":{"line":45,"column":111}},"36":{"start":{"line":48,"column":16},"end":{"line":48,"column":53}},"37":{"start":{"line":50,"column":12},"end":{"line":50,"column":27}},"38":{"start":{"line":54,"column":8},"end":{"line":54,"column":22}},"39":{"start":{"line":55,"column":8},"end":{"line":55,"column":79}},"40":{"start":{"line":56,"column":8},"end":{"line":56,"column":23}},"41":{"start":{"line":58,"column":8},"end":{"line":79,"column":9}},"42":{"start":{"line":59,"column":12},"end":{"line":59,"column":51}},"43":{"start":{"line":60,"column":12},"end":{"line":63,"column":76}},"44":{"start":{"line":66,"column":33},"end":{"line":66,"column":104}},"45":{"start":{"line":66,"column":53},"end":{"line":66,"column":103}},"46":{"start":{"line":67,"column":12},"end":{"line":77,"column":13}},"47":{"start":{"line":68,"column":16},"end":{"line":68,"column":49}},"48":{"start":{"line":69,"column":16},"end":{"line":74,"column":19}},"49":{"start":{"line":70,"column":38},"end":{"line":70,"column":109}},"50":{"start":{"line":70,"column":59},"end":{"line":70,"column":108}},"51":{"start":{"line":71,"column":20},"end":{"line":73,"column":21}},"52":{"start":{"line":72,"column":24},"end":{"line":72,"column":74}},"53":{"start":{"line":76,"column":16},"end":{"line":76,"column":53}},"54":{"start":{"line":78,"column":12},"end":{"line":78,"column":27}},"55":{"start":{"line":81,"column":8},"end":{"line":81,"column":18}},"56":{"start":{"line":83,"column":8},"end":{"line":83,"column":29}},"57":{"start":{"line":84,"column":8},"end":{"line":84,"column":73}},"58":{"start":{"line":88,"column":0},"end":{"line":142,"column":3}},"59":{"start":{"line":89,"column":4},"end":{"line":141,"column":5}},"60":{"start":{"line":90,"column":27},"end":{"line":90,"column":56}},"61":{"start":{"line":91,"column":23},"end":{"line":91,"column":48}},"62":{"start":{"line":92,"column":24},"end":{"line":92,"column":69}},"63":{"start":{"line":93,"column":24},"end":{"line":93,"column":60}},"64":{"start":{"line":96,"column":43},"end":{"line":107,"column":10}},"65":{"start":{"line":97,"column":37},"end":{"line":97,"column":78}},"66":{"start":{"line":97,"column":57},"end":{"line":97,"column":77}},"67":{"start":{"line":98,"column":12},"end":{"line":106,"column":14}},"68":{"start":{"line":104,"column":50},"end":{"line":104,"column":61}},"69":{"start":{"line":105,"column":52},"end":{"line":105,"column":60}},"70":{"start":{"line":110,"column":37},"end":{"line":123,"column":10}},"71":{"start":{"line":111,"column":33},"end":{"line":111,"column":100}},"72":{"start":{"line":111,"column":53},"end":{"line":111,"column":99}},"73":{"start":{"line":112,"column":12},"end":{"line":122,"column":14}},"74":{"start":{"line":119,"column":38},"end":{"line":119,"column":105}},"75":{"start":{"line":119,"column":59},"end":{"line":119,"column":104}},"76":{"start":{"line":120,"column":20},"end":{"line":120,"column":66}},"77":{"start":{"line":126,"column":32},"end":{"line":126,"column":44}},"78":{"start":{"line":127,"column":28},"end":{"line":127,"column":40}},"79":{"start":{"line":129,"column":30},"end":{"line":129,"column":79}},"80":{"start":{"line":130,"column":26},"end":{"line":130,"column":65}},"81":{"start":{"line":132,"column":28},"end":{"line":132,"column":106}},"82":{"start":{"line":134,"column":8},"end":{"line":134,"column":50}},"83":{"start":{"line":135,"column":8},"end":{"line":135,"column":90}},"84":{"start":{"line":136,"column":8},"end":{"line":136,"column":30}},"85":{"start":{"line":139,"column":8},"end":{"line":139,"column":29}},"86":{"start":{"line":140,"column":8},"end":{"line":140,"column":73}},"87":{"start":{"line":144,"column":0},"end":{"line":144,"column":24}}},"fnMap":{"0":{"name":"(anonymous_0)","decl":{"start":{"line":8,"column":28},"end":{"line":8,"column":29}},"loc":{"start":{"line":8,"column":48},"end":{"line":86,"column":1}},"line":8},"1":{"name":"(anonymous_1)","decl":{"start":{"line":18,"column":23},"end":{"line":18,"column":24}},"loc":{"start":{"line":18,"column":32},"end":{"line":18,"column":50}},"line":18},"2":{"name":"(anonymous_2)","decl":{"start":{"line":19,"column":22},"end":{"line":19,"column":23}},"loc":{"start":{"line":19,"column":28},"end":{"line":24,"column":9}},"line":19},"3":{"name":"(anonymous_3)","decl":{"start":{"line":41,"column":52},"end":{"line":41,"column":53}},"loc":{"start":{"line":41,"column":57},"end":{"line":41,"column":85}},"line":41},"4":{"name":"(anonymous_4)","decl":{"start":{"line":44,"column":41},"end":{"line":44,"column":42}},"loc":{"start":{"line":44,"column":46},"end":{"line":46,"column":17}},"line":44},"5":{"name":"(anonymous_5)","decl":{"start":{"line":66,"column":48},"end":{"line":66,"column":49}},"loc":{"start":{"line":66,"column":53},"end":{"line":66,"column":103}},"line":66},"6":{"name":"(anonymous_6)","decl":{"start":{"line":69,"column":37},"end":{"line":69,"column":38}},"loc":{"start":{"line":69,"column":46},"end":{"line":74,"column":17}},"line":69},"7":{"name":"(anonymous_7)","decl":{"start":{"line":70,"column":54},"end":{"line":70,"column":55}},"loc":{"start":{"line":70,"column":59},"end":{"line":70,"column":108}},"line":70},"8":{"name":"(anonymous_8)","decl":{"start":{"line":88,"column":28},"end":{"line":88,"column":29}},"loc":{"start":{"line":88,"column":48},"end":{"line":142,"column":1}},"line":88},"9":{"name":"(anonymous_9)","decl":{"start":{"line":96,"column":58},"end":{"line":96,"column":59}},"loc":{"start":{"line":96,"column":63},"end":{"line":107,"column":9}},"line":96},"10":{"name":"(anonymous_10)","decl":{"start":{"line":97,"column":52},"end":{"line":97,"column":53}},"loc":{"start":{"line":97,"column":57},"end":{"line":97,"column":77}},"line":97},"11":{"name":"(anonymous_11)","decl":{"start":{"line":104,"column":45},"end":{"line":104,"column":46}},"loc":{"start":{"line":104,"column":50},"end":{"line":104,"column":61}},"line":104},"12":{"name":"(anonymous_12)","decl":{"start":{"line":105,"column":47},"end":{"line":105,"column":48}},"loc":{"start":{"line":105,"column":52},"end":{"line":105,"column":60}},"line":105},"13":{"name":"(anonymous_13)","decl":{"start":{"line":110,"column":48},"end":{"line":110,"column":49}},"loc":{"start":{"line":110,"column":53},"end":{"line":123,"column":9}},"line":110},"14":{"name":"(anonymous_14)","decl":{"start":{"line":111,"column":48},"end":{"line":111,"column":49}},"loc":{"start":{"line":111,"column":53},"end":{"line":111,"column":99}},"line":111},"15":{"name":"(anonymous_15)","decl":{"start":{"line":118,"column":49},"end":{"line":118,"column":50}},"loc":{"start":{"line":118,"column":54},"end":{"line":121,"column":17}},"line":118},"16":{"name":"(anonymous_16)","decl":{"start":{"line":119,"column":54},"end":{"line":119,"column":55}},"loc":{"start":{"line":119,"column":59},"end":{"line":119,"column":104}},"line":119}},"branchMap":{"0":{"loc":{"start":{"line":42,"column":12},"end":{"line":49,"column":13}},"type":"if","locations":[{"start":{"line":42,"column":12},"end":{"line":49,"column":13}},{"start":{"line":47,"column":19},"end":{"line":49,"column":13}}],"line":42},"1":{"loc":{"start":{"line":67,"column":12},"end":{"line":77,"column":13}},"type":"if","locations":[{"start":{"line":67,"column":12},"end":{"line":77,"column":13}},{"start":{"line":75,"column":19},"end":{"line":77,"column":13}}],"line":67},"2":{"loc":{"start":{"line":71,"column":20},"end":{"line":73,"column":21}},"type":"if","locations":[{"start":{"line":71,"column":20},"end":{"line":73,"column":21}},{"start":{},"end":{}}],"line":71},"3":{"loc":{"start":{"line":120,"column":27},"end":{"line":120,"column":65}},"type":"cond-expr","locations":[{"start":{"line":120,"column":39},"end":{"line":120,"column":53}},{"start":{"line":120,"column":56},"end":{"line":120,"column":65}}],"line":120}},"s":{"0":6,"1":6,"2":6,"3":6,"4":6,"5":6,"6":6,"7":0,"8":0,"9":0,"10":0,"11":0,"12":0,"13":0,"14":0,"15":0,"16":0,"17":0,"18":0,"19":0,"20":0,"21":0,"22":0,"23":0,"24":0,"25":0,"26":0,"27":0,"28":0,"29":0,"30":0,"31":0,"32":0,"33":0,"34":0,"35":0,"36":0,"37":0,"38":0,"39":0,"40":0,"41":0,"42":0,"43":0,"44":0,"45":0,"46":0,"47":0,"48":0,"49":0,"50":0,"51":0,"52":0,"53":0,"54":0,"55":0,"56":0,"57":0,"58":6,"59":0,"60":0,"61":0,"62":0,"63":0,"64":0,"65":0,"66":0,"67":0,"68":0,"69":0,"70":0,"71":0,"72":0,"73":0,"74":0,"75":0,"76":0,"77":0,"78":0,"79":0,"80":0,"81":0,"82":0,"83":0,"84":0,"85":0,"86":0,"87":6},"f":{"0":0,"1":0,"2":0,"3":0,"4":0,"5":0,"6":0,"7":0,"8":0,"9":0,"10":0,"11":0,"12":0,"13":0,"14":0,"15":0,"16":0},"b":{"0":[0,0],"1":[0,0],"2":[0,0],"3":[0,0]},"_coverageSchema":"1a1c01bbd47fc00a2c39e90264f33305004495a9","hash":"1093fb44874ede844751cae23af12f1b87138800"}
,"/Users/akshnoorsingh/Documents/GitHub/tester/backend/utils/validations.js": {"path":"/Users/akshnoorsingh/Documents/GitHub/tester/backend/utils/validations.js","statementMap":{"0":{"start":{"line":2,"column":23},"end":{"line":2,"column":51}},"1":{"start":{"line":3,"column":4},"end":{"line":3,"column":34}},"2":{"start":{"line":7,"column":4},"end":{"line":7,"column":44}},"3":{"start":{"line":10,"column":0},"end":{"line":10,"column":53}}},"fnMap":{"0":{"name":"validateEmail","decl":{"start":{"line":1,"column":9},"end":{"line":1,"column":22}},"loc":{"start":{"line":1,"column":30},"end":{"line":4,"column":1}},"line":1},"1":{"name":"validatePassword","decl":{"start":{"line":6,"column":9},"end":{"line":6,"column":25}},"loc":{"start":{"line":6,"column":36},"end":{"line":8,"column":1}},"line":6}},"branchMap":{"0":{"loc":{"start":{"line":7,"column":11},"end":{"line":7,"column":43}},"type":"binary-expr","locations":[{"start":{"line":7,"column":11},"end":{"line":7,"column":19}},{"start":{"line":7,"column":23},"end":{"line":7,"column":43}}],"line":7}},"s":{"0":6,"1":6,"2":5,"3":6},"f":{"0":6,"1":5},"b":{"0":[5,4]},"_coverageSchema":"1a1c01bbd47fc00a2c39e90264f33305004495a9","hash":"dfa57c4f9a361d841b06ab39f0a82ecf631b128e"}
}
