TN:
SF:app.js
FN:22,(anonymous_0)
FN:29,(anonymous_1)
FN:34,(anonymous_2)
FN:38,(anonymous_3)
FN:42,(anonymous_4)
FN:46,(anonymous_5)
FN:57,(anonymous_6)
FN:66,(anonymous_7)
FN:89,(anonymous_8)
FN:94,(anonymous_9)
FN:106,(anonymous_10)
FN:114,(anonymous_11)
FN:121,(anonymous_12)
FN:141,(anonymous_13)
FN:148,(anonymous_14)
FN:150,(anonymous_15)
FN:151,(anonymous_16)
FNF:17
FNH:5
FNDA:3,(anonymous_0)
FNDA:0,(anonymous_1)
FNDA:0,(anonymous_2)
FNDA:0,(anonymous_3)
FNDA:0,(anonymous_4)
FNDA:3,(anonymous_5)
FNDA:22,(anonymous_6)
FNDA:0,(anonymous_7)
FNDA:0,(anonymous_8)
FNDA:0,(anonymous_9)
FNDA:2,(anonymous_10)
FNDA:0,(anonymous_11)
FNDA:0,(anonymous_12)
FNDA:1,(anonymous_13)
FNDA:0,(anonymous_14)
FNDA:0,(anonymous_15)
FNDA:0,(anonymous_16)
DA:1,6
DA:2,6
DA:3,6
DA:4,6
DA:6,6
DA:9,6
DA:12,6
DA:15,6
DA:23,3
DA:25,3
DA:26,3
DA:27,3
DA:28,3
DA:30,0
DA:34,6
DA:35,0
DA:38,6
DA:39,0
DA:42,6
DA:43,0
DA:46,6
DA:47,3
DA:51,6
DA:57,6
DA:58,22
DA:59,22
DA:63,6
DA:66,6
DA:67,0
DA:71,6
DA:72,6
DA:73,6
DA:74,6
DA:75,6
DA:76,6
DA:77,6
DA:80,6
DA:81,6
DA:82,6
DA:83,6
DA:84,6
DA:85,6
DA:86,6
DA:89,6
DA:90,0
DA:91,0
DA:92,0
DA:94,0
DA:98,0
DA:106,6
DA:107,2
DA:114,6
DA:115,0
DA:118,0
DA:119,0
DA:121,0
DA:126,0
DA:127,0
DA:133,0
DA:140,6
DA:141,6
DA:142,1
DA:143,1
DA:144,1
DA:148,6
DA:149,0
DA:150,0
DA:151,0
DA:152,0
DA:153,0
DA:158,6
LF:71
LH:49
BRDA:118,0,0,0
BRDA:118,0,1,0
BRDA:126,1,0,0
BRDA:126,1,1,0
BRDA:135,2,0,0
BRDA:135,2,1,0
BRDA:140,3,0,6
BRDA:140,3,1,0
BRF:8
BRH:1
end_of_record
TN:
SF:backend/models/Match.js
FNF:0
FNH:0
DA:2,6
DA:4,6
DA:26,6
LF:3
LH:3
BRF:0
BRH:0
end_of_record
TN:
SF:backend/models/UserCredentials.js
FNF:0
FNH:0
DA:2,6
DA:4,6
DA:24,6
LF:3
LH:3
BRF:0
BRH:0
end_of_record
TN:
SF:backend/models/UserProfile.js
FN:56,(anonymous_0)
FNF:1
FNH:0
FNDA:0,(anonymous_0)
DA:3,6
DA:5,6
DA:56,6
DA:57,0
DA:58,0
DA:61,6
LF:6
LH:4
BRF:0
BRH:0
end_of_record
TN:
SF:backend/models/VolunteerHistory.js
FNF:0
FNH:0
DA:3,6
DA:5,6
DA:30,6
LF:3
LH:3
BRF:0
BRH:0
end_of_record
TN:
SF:backend/models/event.js
FNF:0
FNH:0
DA:1,6
DA:3,6
DA:45,6
LF:3
LH:3
BRF:0
BRH:0
end_of_record
TN:
SF:backend/models/index.js
FNF:0
FNH:0
DA:2,6
DA:3,6
DA:4,6
DA:5,6
DA:6,6
DA:7,6
DA:9,6
LF:7
LH:7
BRF:0
BRH:0
end_of_record
TN:
SF:backend/models/volunteer.js
FNF:0
FNH:0
DA:1,6
DA:3,6
DA:32,6
LF:3
LH:3
BRF:0
BRH:0
end_of_record
TN:
SF:backend/routes/auth.js
FN:7,(anonymous_0)
FN:50,(anonymous_1)
FNF:2
FNH:2
FNDA:6,(anonymous_0)
FNDA:3,(anonymous_1)
DA:1,6
DA:2,6
DA:3,6
DA:4,6
DA:7,6
DA:8,6
DA:9,6
DA:12,6
DA:13,1
DA:15,5
DA:16,1
DA:20,4
DA:21,4
DA:22,4
DA:26,0
DA:32,0
DA:35,0
DA:44,0
DA:45,0
DA:50,6
DA:51,3
DA:52,3
DA:55,3
DA:56,3
DA:57,2
DA:60,1
DA:65,0
DA:66,0
DA:70,6
LF:29
LH:22
BRDA:12,0,0,1
BRDA:12,0,1,5
BRDA:15,1,0,1
BRDA:15,1,1,4
BRDA:21,2,0,4
BRDA:21,2,1,0
BRDA:56,3,0,2
BRDA:56,3,1,1
BRF:8
BRH:7
end_of_record
TN:
SF:backend/routes/events.js
FN:6,(anonymous_0)
FN:55,(anonymous_1)
FNF:2
FNH:2
FNDA:2,(anonymous_0)
FNDA:1,(anonymous_1)
DA:1,6
DA:2,6
DA:3,6
DA:6,6
DA:7,2
DA:16,2
DA:19,2
DA:20,1
DA:24,1
DA:36,1
DA:39,0
DA:41,0
DA:46,1
DA:47,1
DA:55,6
DA:56,1
DA:57,1
DA:58,1
DA:60,0
DA:61,0
DA:65,6
LF:21
LH:17
BRDA:19,0,0,1
BRDA:19,0,1,1
BRDA:19,1,0,2
BRDA:19,1,1,2
BRDA:19,1,2,1
BRDA:19,1,3,1
BRDA:19,1,4,1
BRDA:19,1,5,1
BRF:8
BRH:8
end_of_record
TN:
SF:backend/routes/history.js
FN:8,(anonymous_0)
FN:17,(anonymous_1)
FN:25,(anonymous_2)
FN:56,(anonymous_3)
FN:61,(anonymous_4)
FN:82,(anonymous_5)
FN:85,(anonymous_6)
FN:99,(anonymous_7)
FN:102,(anonymous_8)
FN:110,createHistoryFromMatch
FN:127,(anonymous_10)
FN:135,(anonymous_11)
FN:139,(anonymous_12)
FN:140,(anonymous_13)
FN:141,(anonymous_14)
FNF:15
FNH:2
FNDA:1,(anonymous_0)
FNDA:0,(anonymous_1)
FNDA:2,(anonymous_2)
FNDA:0,(anonymous_3)
FNDA:0,(anonymous_4)
FNDA:0,(anonymous_5)
FNDA:0,(anonymous_6)
FNDA:0,(anonymous_7)
FNDA:0,(anonymous_8)
FNDA:0,createHistoryFromMatch
FNDA:0,(anonymous_10)
FNDA:0,(anonymous_11)
FNDA:0,(anonymous_12)
FNDA:0,(anonymous_13)
FNDA:0,(anonymous_14)
DA:1,6
DA:2,6
DA:5,6
DA:8,6
DA:9,1
DA:10,1
DA:12,1
DA:13,1
DA:17,0
DA:18,0
DA:20,0
DA:25,6
DA:26,2
DA:27,2
DA:30,2
DA:31,2
DA:35,0
DA:45,0
DA:46,0
DA:51,0
DA:56,6
DA:57,0
DA:58,0
DA:59,0
DA:61,0
DA:62,0
DA:63,0
DA:66,0
DA:72,0
DA:77,0
DA:82,6
DA:83,0
DA:84,0
DA:85,0
DA:87,0
DA:88,0
DA:91,0
DA:92,0
DA:94,0
DA:99,6
DA:100,0
DA:101,0
DA:102,0
DA:103,0
DA:105,0
DA:111,0
DA:122,0
DA:123,0
DA:127,6
DA:128,0
DA:129,0
DA:131,0
DA:132,0
DA:135,0
DA:137,0
DA:139,0
DA:140,0
DA:141,0
DA:144,0
DA:146,0
DA:150,6
LF:61
LH:18
BRDA:12,0,0,1
BRDA:12,0,1,0
BRDA:30,1,0,2
BRDA:30,1,1,0
BRDA:30,2,0,2
BRDA:30,2,1,2
BRDA:30,2,2,1
BRDA:30,2,3,1
BRDA:62,3,0,0
BRDA:62,3,1,0
BRDA:87,4,0,0
BRDA:87,4,1,0
BRDA:131,5,0,0
BRDA:131,5,1,0
BRF:14
BRH:6
end_of_record
TN:
SF:backend/routes/matching.js
FN:6,(anonymous_0)
FN:18,(anonymous_1)
FN:30,(anonymous_2)
FN:88,(anonymous_3)
FN:139,(anonymous_4)
FN:151,(anonymous_5)
FNF:6
FNH:0
FNDA:0,(anonymous_0)
FNDA:0,(anonymous_1)
FNDA:0,(anonymous_2)
FNDA:0,(anonymous_3)
FNDA:0,(anonymous_4)
FNDA:0,(anonymous_5)
DA:1,6
DA:2,6
DA:3,6
DA:6,6
DA:7,0
DA:8,0
DA:9,0
DA:10,0
DA:12,0
DA:13,0
DA:18,6
DA:19,0
DA:20,0
DA:21,0
DA:22,0
DA:24,0
DA:25,0
DA:30,6
DA:31,0
DA:32,0
DA:34,0
DA:36,0
DA:37,0
DA:41,0
DA:42,0
DA:43,0
DA:47,0
DA:48,0
DA:50,0
DA:51,0
DA:55,0
DA:61,0
DA:64,0
DA:71,0
DA:73,0
DA:75,0
DA:82,0
DA:83,0
DA:88,6
DA:89,0
DA:90,0
DA:92,0
DA:94,0
DA:95,0
DA:101,0
DA:103,0
DA:105,0
DA:106,0
DA:107,0
DA:108,0
DA:109,0
DA:110,0
DA:113,0
DA:121,0
DA:122,0
DA:125,0
DA:130,0
DA:131,0
DA:139,6
DA:140,0
DA:141,0
DA:144,0
DA:146,0
DA:151,6
DA:152,0
DA:153,0
DA:154,0
DA:156,0
DA:162,0
DA:163,0
DA:166,0
DA:168,0
DA:172,6
LF:73
LH:10
BRDA:36,0,0,0
BRDA:36,0,1,0
BRDA:36,1,0,0
BRDA:36,1,1,0
BRDA:42,2,0,0
BRDA:42,2,1,0
BRDA:50,3,0,0
BRDA:50,3,1,0
BRDA:50,4,0,0
BRDA:50,4,1,0
BRDA:94,5,0,0
BRDA:94,5,1,0
BRDA:94,6,0,0
BRDA:94,6,1,0
BRDA:94,6,2,0
BRDA:103,7,0,0
BRDA:103,7,1,0
BRDA:107,8,0,0
BRDA:107,8,1,0
BRDA:117,9,0,0
BRDA:117,9,1,0
BRDA:126,10,0,0
BRDA:126,10,1,0
BRDA:162,11,0,0
BRDA:162,11,1,0
BRF:25
BRH:0
end_of_record
TN:
SF:backend/routes/notifications.js
FN:8,createNotification
FN:22,(anonymous_1)
FN:32,(anonymous_2)
FN:33,(anonymous_3)
FN:45,(anonymous_4)
FN:70,(anonymous_5)
FN:79,(anonymous_6)
FN:101,(anonymous_7)
FN:110,(anonymous_8)
FN:112,(anonymous_9)
FN:132,(anonymous_10)
FN:141,(anonymous_11)
FN:158,(anonymous_12)
FN:167,(anonymous_13)
FN:183,(anonymous_14)
FN:192,(anonymous_15)
FN:205,createEventNotification
FN:216,createMatchNotification
FN:227,createReminderNotification
FNF:19
FNH:2
FNDA:0,createNotification
FNDA:1,(anonymous_1)
FNDA:0,(anonymous_2)
FNDA:0,(anonymous_3)
FNDA:2,(anonymous_4)
FNDA:0,(anonymous_5)
FNDA:0,(anonymous_6)
FNDA:0,(anonymous_7)
FNDA:0,(anonymous_8)
FNDA:0,(anonymous_9)
FNDA:0,(anonymous_10)
FNDA:0,(anonymous_11)
FNDA:0,(anonymous_12)
FNDA:0,(anonymous_13)
FNDA:0,(anonymous_14)
FNDA:0,(anonymous_15)
FNDA:0,createEventNotification
FNDA:0,createMatchNotification
FNDA:0,createReminderNotification
DA:1,6
DA:2,6
DA:5,6
DA:9,0
DA:22,6
DA:23,1
DA:24,1
DA:26,1
DA:27,1
DA:31,0
DA:32,0
DA:33,0
DA:35,0
DA:37,0
DA:45,6
DA:46,2
DA:47,2
DA:50,2
DA:51,2
DA:54,0
DA:55,0
DA:57,0
DA:62,0
DA:70,6
DA:71,0
DA:72,0
DA:73,0
DA:75,0
DA:76,0
DA:79,0
DA:81,0
DA:82,0
DA:85,0
DA:86,0
DA:88,0
DA:93,0
DA:101,6
DA:102,0
DA:103,0
DA:105,0
DA:106,0
DA:109,0
DA:110,0
DA:112,0
DA:113,0
DA:114,0
DA:115,0
DA:119,0
DA:124,0
DA:132,6
DA:133,0
DA:134,0
DA:135,0
DA:137,0
DA:138,0
DA:141,0
DA:143,0
DA:144,0
DA:147,0
DA:148,0
DA:150,0
DA:158,6
DA:159,0
DA:160,0
DA:162,0
DA:163,0
DA:166,0
DA:167,0
DA:169,0
DA:170,0
DA:175,0
DA:183,6
DA:184,0
DA:185,0
DA:187,0
DA:188,0
DA:191,0
DA:192,0
DA:195,0
DA:197,0
DA:206,0
DA:212,0
DA:213,0
DA:217,0
DA:223,0
DA:224,0
DA:228,0
DA:234,0
DA:235,0
DA:239,6
LF:90
LH:19
BRDA:8,0,0,0
BRDA:26,1,0,1
BRDA:26,1,1,0
BRDA:50,2,0,2
BRDA:50,2,1,0
BRDA:50,3,0,2
BRDA:50,3,1,1
BRDA:50,3,2,0
BRDA:75,4,0,0
BRDA:75,4,1,0
BRDA:79,5,0,0
BRDA:79,5,1,0
BRDA:81,6,0,0
BRDA:81,6,1,0
BRDA:105,7,0,0
BRDA:105,7,1,0
BRDA:113,8,0,0
BRDA:113,8,1,0
BRDA:137,9,0,0
BRDA:137,9,1,0
BRDA:141,10,0,0
BRDA:141,10,1,0
BRDA:143,11,0,0
BRDA:143,11,1,0
BRDA:162,12,0,0
BRDA:162,12,1,0
BRDA:167,13,0,0
BRDA:167,13,1,0
BRDA:187,14,0,0
BRDA:187,14,1,0
BRDA:192,15,0,0
BRDA:192,15,1,0
BRF:32
BRH:4
end_of_record
TN:
SF:backend/routes/profile.js
FN:9,(anonymous_0)
FN:85,(anonymous_1)
FNF:2
FNH:1
FNDA:2,(anonymous_0)
FNDA:0,(anonymous_1)
DA:2,6
DA:3,6
DA:4,6
DA:5,6
DA:6,6
DA:9,6
DA:10,2
DA:11,2
DA:13,2
DA:14,0
DA:27,2
DA:30,2
DA:44,2
DA:51,2
DA:58,2
DA:65,2
DA:70,2
DA:76,0
DA:77,0
DA:85,6
DA:86,0
DA:87,0
DA:89,0
DA:90,0
DA:93,0
DA:95,0
DA:96,0
DA:99,0
DA:101,0
DA:102,0
DA:109,6
LF:31
LH:18
BRDA:13,0,0,0
BRDA:13,0,1,2
BRDA:89,1,0,0
BRDA:89,1,1,0
BRDA:95,2,0,0
BRDA:95,2,1,0
BRF:6
BRH:1
end_of_record
TN:
SF:backend/routes/reportRoutes.js
FN:8,(anonymous_0)
FN:18,(anonymous_1)
FN:19,(anonymous_2)
FN:41,(anonymous_3)
FN:44,(anonymous_4)
FN:66,(anonymous_5)
FN:69,(anonymous_6)
FN:70,(anonymous_7)
FN:88,(anonymous_8)
FN:96,(anonymous_9)
FN:97,(anonymous_10)
FN:104,(anonymous_11)
FN:105,(anonymous_12)
FN:110,(anonymous_13)
FN:111,(anonymous_14)
FN:118,(anonymous_15)
FN:119,(anonymous_16)
FNF:17
FNH:0
FNDA:0,(anonymous_0)
FNDA:0,(anonymous_1)
FNDA:0,(anonymous_2)
FNDA:0,(anonymous_3)
FNDA:0,(anonymous_4)
FNDA:0,(anonymous_5)
FNDA:0,(anonymous_6)
FNDA:0,(anonymous_7)
FNDA:0,(anonymous_8)
FNDA:0,(anonymous_9)
FNDA:0,(anonymous_10)
FNDA:0,(anonymous_11)
FNDA:0,(anonymous_12)
FNDA:0,(anonymous_13)
FNDA:0,(anonymous_14)
FNDA:0,(anonymous_15)
FNDA:0,(anonymous_16)
DA:1,6
DA:2,6
DA:3,6
DA:4,6
DA:5,6
DA:6,6
DA:8,6
DA:9,0
DA:10,0
DA:11,0
DA:12,0
DA:13,0
DA:15,0
DA:16,0
DA:18,0
DA:19,0
DA:20,0
DA:21,0
DA:22,0
DA:23,0
DA:27,0
DA:28,0
DA:29,0
DA:32,0
DA:33,0
DA:35,0
DA:36,0
DA:37,0
DA:38,0
DA:41,0
DA:42,0
DA:43,0
DA:44,0
DA:45,0
DA:48,0
DA:50,0
DA:54,0
DA:55,0
DA:56,0
DA:58,0
DA:59,0
DA:60,0
DA:66,0
DA:67,0
DA:68,0
DA:69,0
DA:70,0
DA:71,0
DA:72,0
DA:76,0
DA:78,0
DA:81,0
DA:83,0
DA:84,0
DA:88,6
DA:89,0
DA:90,0
DA:91,0
DA:92,0
DA:93,0
DA:96,0
DA:97,0
DA:98,0
DA:104,0
DA:105,0
DA:110,0
DA:111,0
DA:112,0
DA:119,0
DA:120,0
DA:126,0
DA:127,0
DA:129,0
DA:130,0
DA:132,0
DA:134,0
DA:135,0
DA:136,0
DA:139,0
DA:140,0
DA:144,6
LF:81
LH:9
BRDA:42,0,0,0
BRDA:42,0,1,0
BRDA:67,1,0,0
BRDA:67,1,1,0
BRDA:71,2,0,0
BRDA:71,2,1,0
BRDA:120,3,0,0
BRDA:120,3,1,0
BRF:8
BRH:0
end_of_record
TN:
SF:backend/utils/validations.js
FN:1,validateEmail
FN:6,validatePassword
FNF:2
FNH:2
FNDA:6,validateEmail
FNDA:5,validatePassword
DA:2,6
DA:3,6
DA:7,5
DA:10,6
LF:4
LH:4
BRDA:7,0,0,5
BRDA:7,0,1,4
BRF:2
BRH:2
end_of_record
