TN:
SF:server.js
FN:29,isEmailValid
FN:34,isPasswordStrong
FN:39,isFieldValid
FN:43,isValidDate
FN:49,(anonymous_4)
FN:54,(anonymous_5)
FN:74,(anonymous_6)
FN:88,(anonymous_7)
FN:103,(anonymous_8)
FN:119,(anonymous_9)
FN:148,(anonymous_10)
FN:155,(anonymous_11)
FN:166,(anonymous_12)
FN:179,(anonymous_13)
FN:188,(anonymous_14)
FN:193,(anonymous_15)
FN:206,(anonymous_16)
FNF:17
FNH:16
FNDA:4,isEmailValid
FNDA:1,isPasswordStrong
FNDA:7,isFieldValid
FNDA:3,isValidDate
FNDA:0,(anonymous_4)
FNDA:2,(anonymous_5)
FNDA:2,(anonymous_6)
FNDA:1,(anonymous_7)
FNDA:2,(anonymous_8)
FNDA:2,(anonymous_9)
FNDA:2,(anonymous_10)
FNDA:4,(anonymous_11)
FNDA:2,(anonymous_12)
FNDA:1,(anonymous_13)
FNDA:1,(anonymous_14)
FNDA:2,(anonymous_15)
FNDA:1,(anonymous_16)
DA:1,1
DA:2,1
DA:3,1
DA:4,1
DA:6,1
DA:8,1
DA:9,1
DA:10,1
DA:13,1
DA:16,1
DA:26,1
DA:30,4
DA:31,4
DA:35,1
DA:36,1
DA:40,7
DA:44,3
DA:45,3
DA:49,1
DA:50,0
DA:54,1
DA:55,2
DA:57,2
DA:58,1
DA:61,1
DA:62,0
DA:65,1
DA:66,0
DA:69,1
DA:70,1
DA:74,1
DA:75,2
DA:77,2
DA:78,0
DA:81,2
DA:82,1
DA:85,1
DA:88,1
DA:89,1
DA:91,1
DA:92,0
DA:95,1
DA:96,0
DA:99,1
DA:100,0
DA:103,2
DA:104,0
DA:108,1
DA:109,1
DA:110,1
DA:111,1
DA:113,0
DA:119,1
DA:120,2
DA:122,2
DA:123,1
DA:126,1
DA:127,0
DA:130,1
DA:131,0
DA:134,1
DA:135,0
DA:138,1
DA:139,0
DA:142,1
DA:143,1
DA:144,1
DA:148,1
DA:149,2
DA:151,2
DA:152,0
DA:155,4
DA:156,2
DA:157,0
DA:160,2
DA:161,2
DA:162,0
DA:165,2
DA:166,2
DA:167,2
DA:169,2
DA:170,1
DA:171,1
DA:173,1
DA:179,1
DA:180,1
DA:184,1
DA:188,1
DA:189,1
DA:193,1
DA:194,2
DA:196,2
DA:197,0
DA:200,2
DA:201,2
DA:205,1
DA:206,1
DA:207,1
DA:213,1
LF:99
LH:82
BRDA:39,0,0,0
BRDA:40,1,0,7
BRDA:40,1,1,6
BRDA:57,2,0,1
BRDA:57,2,1,1
BRDA:61,3,0,0
BRDA:61,3,1,1
BRDA:65,4,0,0
BRDA:65,4,1,1
BRDA:77,5,0,0
BRDA:77,5,1,2
BRDA:81,6,0,1
BRDA:81,6,1,1
BRDA:81,7,0,2
BRDA:81,7,1,2
BRDA:91,8,0,0
BRDA:91,8,1,1
BRDA:95,9,0,0
BRDA:95,9,1,1
BRDA:99,10,0,0
BRDA:99,10,1,1
BRDA:99,11,0,1
BRDA:99,11,1,1
BRDA:103,12,0,0
BRDA:103,12,1,1
BRDA:103,13,0,1
BRDA:103,13,1,1
BRDA:109,14,0,1
BRDA:109,14,1,0
BRDA:122,15,0,1
BRDA:122,15,1,1
BRDA:126,16,0,0
BRDA:126,16,1,1
BRDA:130,17,0,0
BRDA:130,17,1,1
BRDA:130,18,0,1
BRDA:130,18,1,1
BRDA:134,19,0,0
BRDA:134,19,1,1
BRDA:138,20,0,0
BRDA:138,20,1,1
BRDA:151,21,0,0
BRDA:151,21,1,2
BRDA:156,22,0,0
BRDA:156,22,1,2
BRDA:161,23,0,0
BRDA:161,23,1,2
BRDA:169,24,0,1
BRDA:169,24,1,1
BRDA:169,25,0,2
BRDA:169,25,1,1
BRDA:196,26,0,0
BRDA:196,26,1,2
BRF:53
BRH:36
end_of_record
